{"C:\\Users\\david\\OneDrive\\Escritorio\\gymai-proyecto\\frontend\\ai-gym-trainer\\src\\components\\ConfirmModal.jsx": {"path":"C:\\Users\\david\\OneDrive\\Escritorio\\gymai-proyecto\\frontend\\ai-gym-trainer\\src\\components\\ConfirmModal.jsx","statementMap":{"0":{"start":{"line":5,"column":4},"end":{"line":5,"column":null}},"1":{"start":{"line":5,"column":17},"end":{"line":5,"column":null}},"2":{"start":{"line":7,"column":4},"end":{"line":50,"column":null}}},"fnMap":{"0":{"name":"ConfirmModal","decl":{"start":{"line":4,"column":24},"end":{"line":4,"column":37}},"loc":{"start":{"line":4,"column":136},"end":{"line":52,"column":null}},"line":4}},"branchMap":{"0":{"loc":{"start":{"line":4,"column":83},"end":{"line":4,"column":109}},"type":"default-arg","locations":[{"start":{"line":4,"column":97},"end":{"line":4,"column":109}}],"line":4},"1":{"loc":{"start":{"line":4,"column":109},"end":{"line":4,"column":133}},"type":"default-arg","locations":[{"start":{"line":4,"column":122},"end":{"line":4,"column":133}}],"line":4},"2":{"loc":{"start":{"line":5,"column":4},"end":{"line":5,"column":null}},"type":"if","locations":[{"start":{"line":5,"column":4},"end":{"line":5,"column":null}},{"start":{},"end":{}}],"line":5},"3":{"loc":{"start":{"line":27,"column":29},"end":{"line":27,"column":null}},"type":"binary-expr","locations":[{"start":{"line":27,"column":29},"end":{"line":27,"column":38}},{"start":{"line":27,"column":38},"end":{"line":27,"column":null}}],"line":27},"4":{"loc":{"start":{"line":30,"column":29},"end":{"line":30,"column":null}},"type":"binary-expr","locations":[{"start":{"line":30,"column":29},"end":{"line":30,"column":40}},{"start":{"line":30,"column":40},"end":{"line":30,"column":null}}],"line":30}},"s":{"0":48,"1":46,"2":2},"f":{"0":48},"b":{"0":[48],"1":[48],"2":[46,2],"3":[2,0],"4":[48,0]},"meta":{"lastBranch":5,"lastFunction":1,"lastStatement":3,"seen":{"f:4:24:4:37":0,"b:4:97:4:109":0,"b:4:122:4:133":1,"b:5:4:5:Infinity:undefined:undefined:undefined:undefined":2,"s:5:4:5:Infinity":0,"s:5:17:5:Infinity":1,"s:7:4:50:Infinity":2,"b:27:29:27:38:27:38:27:Infinity":3,"b:30:29:30:40:30:40:30:Infinity":4}}}
,"C:\\Users\\david\\OneDrive\\Escritorio\\gymai-proyecto\\frontend\\ai-gym-trainer\\src\\components\\ExerciseVideo.jsx": {"path":"C:\\Users\\david\\OneDrive\\Escritorio\\gymai-proyecto\\frontend\\ai-gym-trainer\\src\\components\\ExerciseVideo.jsx","statementMap":{"0":{"start":{"line":5,"column":4},"end":{"line":5,"column":null}},"1":{"start":{"line":5,"column":17},"end":{"line":5,"column":null}},"2":{"start":{"line":8,"column":24},"end":{"line":23,"column":null}},"3":{"start":{"line":9,"column":8},"end":{"line":9,"column":null}},"4":{"start":{"line":9,"column":18},"end":{"line":9,"column":null}},"5":{"start":{"line":10,"column":22},"end":{"line":10,"column":null}},"6":{"start":{"line":11,"column":8},"end":{"line":19,"column":null}},"7":{"start":{"line":12,"column":12},"end":{"line":12,"column":null}},"8":{"start":{"line":13,"column":8},"end":{"line":19,"column":null}},"9":{"start":{"line":14,"column":12},"end":{"line":14,"column":null}},"10":{"start":{"line":15,"column":8},"end":{"line":19,"column":null}},"11":{"start":{"line":16,"column":12},"end":{"line":16,"column":null}},"12":{"start":{"line":18,"column":12},"end":{"line":18,"column":null}},"13":{"start":{"line":22,"column":8},"end":{"line":22,"column":null}},"14":{"start":{"line":25,"column":21},"end":{"line":25,"column":null}},"15":{"start":{"line":27,"column":4},"end":{"line":81,"column":null}}},"fnMap":{"0":{"name":"ExerciseVideo","decl":{"start":{"line":4,"column":24},"end":{"line":4,"column":38}},"loc":{"start":{"line":4,"column":83},"end":{"line":83,"column":null}},"line":4},"1":{"name":"(anonymous_1)","decl":{"start":{"line":8,"column":24},"end":{"line":8,"column":25}},"loc":{"start":{"line":8,"column":33},"end":{"line":23,"column":null}},"line":8}},"branchMap":{"0":{"loc":{"start":{"line":5,"column":4},"end":{"line":5,"column":null}},"type":"if","locations":[{"start":{"line":5,"column":4},"end":{"line":5,"column":null}},{"start":{},"end":{}}],"line":5},"1":{"loc":{"start":{"line":9,"column":8},"end":{"line":9,"column":null}},"type":"if","locations":[{"start":{"line":9,"column":8},"end":{"line":9,"column":null}},{"start":{},"end":{}}],"line":9},"2":{"loc":{"start":{"line":11,"column":8},"end":{"line":19,"column":null}},"type":"if","locations":[{"start":{"line":11,"column":8},"end":{"line":19,"column":null}},{"start":{"line":13,"column":8},"end":{"line":19,"column":null}}],"line":11},"3":{"loc":{"start":{"line":13,"column":8},"end":{"line":19,"column":null}},"type":"if","locations":[{"start":{"line":13,"column":8},"end":{"line":19,"column":null}},{"start":{"line":15,"column":8},"end":{"line":19,"column":null}}],"line":13},"4":{"loc":{"start":{"line":15,"column":8},"end":{"line":19,"column":null}},"type":"if","locations":[{"start":{"line":15,"column":8},"end":{"line":19,"column":null}},{"start":{"line":17,"column":15},"end":{"line":19,"column":null}}],"line":15},"5":{"loc":{"start":{"line":49,"column":21},"end":{"line":70,"column":null}},"type":"cond-expr","locations":[{"start":{"line":50,"column":24},"end":{"line":57,"column":null}},{"start":{"line":59,"column":24},"end":{"line":70,"column":null}}],"line":49}},"s":{"0":17,"1":15,"2":2,"3":2,"4":1,"5":1,"6":1,"7":1,"8":0,"9":0,"10":0,"11":0,"12":0,"13":1,"14":2,"15":2},"f":{"0":17,"1":2},"b":{"0":[15,2],"1":[1,1],"2":[1,0],"3":[0,0],"4":[0,0],"5":[1,1]},"meta":{"lastBranch":6,"lastFunction":2,"lastStatement":16,"seen":{"f:4:24:4:38":0,"b:5:4:5:Infinity:undefined:undefined:undefined:undefined":0,"s:5:4:5:Infinity":0,"s:5:17:5:Infinity":1,"s:8:24:23:Infinity":2,"f:8:24:8:25":1,"b:9:8:9:Infinity:undefined:undefined:undefined:undefined":1,"s:9:8:9:Infinity":3,"s:9:18:9:Infinity":4,"s:10:22:10:Infinity":5,"b:11:8:19:Infinity:13:8:19:Infinity":2,"s:11:8:19:Infinity":6,"s:12:12:12:Infinity":7,"b:13:8:19:Infinity:15:8:19:Infinity":3,"s:13:8:19:Infinity":8,"s:14:12:14:Infinity":9,"b:15:8:19:Infinity:17:15:19:Infinity":4,"s:15:8:19:Infinity":10,"s:16:12:16:Infinity":11,"s:18:12:18:Infinity":12,"s:22:8:22:Infinity":13,"s:25:21:25:Infinity":14,"s:27:4:81:Infinity":15,"b:50:24:57:Infinity:59:24:70:Infinity":5}}}
,"C:\\Users\\david\\OneDrive\\Escritorio\\gymai-proyecto\\frontend\\ai-gym-trainer\\src\\components\\Layout.jsx": {"path":"C:\\Users\\david\\OneDrive\\Escritorio\\gymai-proyecto\\frontend\\ai-gym-trainer\\src\\components\\Layout.jsx","statementMap":{"0":{"start":{"line":7,"column":20},"end":{"line":7,"column":null}},"1":{"start":{"line":8,"column":10},"end":{"line":8,"column":null}},"2":{"start":{"line":9,"column":48},"end":{"line":9,"column":null}},"3":{"start":{"line":11,"column":21},"end":{"line":19,"column":null}},"4":{"start":{"line":21,"column":4},"end":{"line":145,"column":null}},"5":{"start":{"line":45,"column":41},"end":{"line":45,"column":null}},"6":{"start":{"line":46,"column":24},"end":{"line":58,"column":null}},"7":{"start":{"line":79,"column":35},"end":{"line":79,"column":null}},"8":{"start":{"line":90,"column":35},"end":{"line":90,"column":null}},"9":{"start":{"line":94,"column":38},"end":{"line":94,"column":null}},"10":{"start":{"line":97,"column":61},"end":{"line":97,"column":89}},"11":{"start":{"line":106,"column":49},"end":{"line":106,"column":null}},"12":{"start":{"line":107,"column":32},"end":{"line":116,"column":null}},"13":{"start":{"line":111,"column":55},"end":{"line":111,"column":null}}},"fnMap":{"0":{"name":"Layout","decl":{"start":{"line":6,"column":24},"end":{"line":6,"column":33}},"loc":{"start":{"line":6,"column":33},"end":{"line":147,"column":null}},"line":6},"1":{"name":"(anonymous_1)","decl":{"start":{"line":44,"column":34},"end":{"line":44,"column":35}},"loc":{"start":{"line":44,"column":44},"end":{"line":60,"column":21}},"line":44},"2":{"name":"(anonymous_2)","decl":{"start":{"line":79,"column":29},"end":{"line":79,"column":35}},"loc":{"start":{"line":79,"column":35},"end":{"line":79,"column":null}},"line":79},"3":{"name":"(anonymous_3)","decl":{"start":{"line":90,"column":29},"end":{"line":90,"column":35}},"loc":{"start":{"line":90,"column":35},"end":{"line":90,"column":null}},"line":90},"4":{"name":"(anonymous_4)","decl":{"start":{"line":94,"column":33},"end":{"line":94,"column":38}},"loc":{"start":{"line":94,"column":38},"end":{"line":94,"column":null}},"line":94},"5":{"name":"(anonymous_5)","decl":{"start":{"line":97,"column":55},"end":{"line":97,"column":61}},"loc":{"start":{"line":97,"column":61},"end":{"line":97,"column":89}},"line":97},"6":{"name":"(anonymous_6)","decl":{"start":{"line":105,"column":42},"end":{"line":105,"column":43}},"loc":{"start":{"line":105,"column":52},"end":{"line":118,"column":29}},"line":105},"7":{"name":"(anonymous_7)","decl":{"start":{"line":111,"column":49},"end":{"line":111,"column":55}},"loc":{"start":{"line":111,"column":55},"end":{"line":111,"column":null}},"line":111}},"branchMap":{"0":{"loc":{"start":{"line":50,"column":177},"end":{"line":52,"column":null}},"type":"cond-expr","locations":[{"start":{"line":51,"column":38},"end":{"line":51,"column":null}},{"start":{"line":52,"column":38},"end":{"line":52,"column":null}}],"line":50},"1":{"loc":{"start":{"line":55,"column":33},"end":{"line":55,"column":null}},"type":"binary-expr","locations":[{"start":{"line":55,"column":33},"end":{"line":55,"column":45}},{"start":{"line":55,"column":45},"end":{"line":55,"column":null}}],"line":55},"2":{"loc":{"start":{"line":56,"column":119},"end":{"line":56,"column":189}},"type":"cond-expr","locations":[{"start":{"line":56,"column":130},"end":{"line":56,"column":160}},{"start":{"line":56,"column":160},"end":{"line":56,"column":189}}],"line":56},"3":{"loc":{"start":{"line":57,"column":100},"end":{"line":57,"column":156}},"type":"cond-expr","locations":[{"start":{"line":57,"column":111},"end":{"line":57,"column":143}},{"start":{"line":57,"column":143},"end":{"line":57,"column":156}}],"line":57},"4":{"loc":{"start":{"line":82,"column":21},"end":{"line":82,"column":null}},"type":"cond-expr","locations":[{"start":{"line":82,"column":40},"end":{"line":82,"column":58}},{"start":{"line":82,"column":58},"end":{"line":82,"column":null}}],"line":82},"5":{"loc":{"start":{"line":87,"column":13},"end":{"line":125,"column":null}},"type":"binary-expr","locations":[{"start":{"line":87,"column":13},"end":{"line":87,"column":null}},{"start":{"line":88,"column":16},"end":{"line":125,"column":null}}],"line":87},"6":{"loc":{"start":{"line":112,"column":114},"end":{"line":112,"column":177}},"type":"cond-expr","locations":[{"start":{"line":112,"column":125},"end":{"line":112,"column":162}},{"start":{"line":112,"column":162},"end":{"line":112,"column":177}}],"line":112}},"s":{"0":7,"1":7,"2":7,"3":7,"4":7,"5":49,"6":49,"7":2,"8":1,"9":1,"10":0,"11":14,"12":14,"13":1},"f":{"0":7,"1":49,"2":2,"3":1,"4":1,"5":0,"6":14,"7":1},"b":{"0":[7,42],"1":[49,7],"2":[7,42],"3":[7,42],"4":[2,5],"5":[7,2],"6":[2,12]},"meta":{"lastBranch":7,"lastFunction":8,"lastStatement":14,"seen":{"f:6:24:6:33":0,"s:7:20:7:Infinity":0,"s:8:10:8:Infinity":1,"s:9:48:9:Infinity":2,"s:11:21:19:Infinity":3,"s:21:4:145:Infinity":4,"f:44:34:44:35":1,"s:45:41:45:Infinity":5,"s:46:24:58:Infinity":6,"b:51:38:51:Infinity:52:38:52:Infinity":0,"b:55:33:55:45:55:45:55:Infinity":1,"b:56:130:56:160:56:160:56:189":2,"b:57:111:57:143:57:143:57:156":3,"f:79:29:79:35":2,"s:79:35:79:Infinity":7,"b:82:40:82:58:82:58:82:Infinity":4,"b:87:13:87:Infinity:88:16:125:Infinity":5,"f:90:29:90:35":3,"s:90:35:90:Infinity":8,"f:94:33:94:38":4,"s:94:38:94:Infinity":9,"f:97:55:97:61":5,"s:97:61:97:89":10,"f:105:42:105:43":6,"s:106:49:106:Infinity":11,"s:107:32:116:Infinity":12,"f:111:49:111:55":7,"s:111:55:111:Infinity":13,"b:112:125:112:162:112:162:112:177":6}}}
,"C:\\Users\\david\\OneDrive\\Escritorio\\gymai-proyecto\\frontend\\ai-gym-trainer\\src\\components\\ManualWorkoutModal.jsx": {"path":"C:\\Users\\david\\OneDrive\\Escritorio\\gymai-proyecto\\frontend\\ai-gym-trainer\\src\\components\\ManualWorkoutModal.jsx","statementMap":{"0":{"start":{"line":5,"column":29},"end":{"line":9,"column":null}},"1":{"start":{"line":6,"column":21},"end":{"line":6,"column":null}},"2":{"start":{"line":7,"column":23},"end":{"line":7,"column":null}},"3":{"start":{"line":8,"column":8},"end":{"line":8,"column":null}},"4":{"start":{"line":11,"column":32},"end":{"line":17,"column":null}},"5":{"start":{"line":18,"column":30},"end":{"line":18,"column":null}},"6":{"start":{"line":21,"column":4},"end":{"line":41,"column":null}},"7":{"start":{"line":22,"column":8},"end":{"line":40,"column":null}},"8":{"start":{"line":23,"column":22},"end":{"line":23,"column":null}},"9":{"start":{"line":24,"column":18},"end":{"line":24,"column":null}},"10":{"start":{"line":25,"column":12},"end":{"line":31,"column":null}},"11":{"start":{"line":32,"column":8},"end":{"line":40,"column":null}},"12":{"start":{"line":33,"column":12},"end":{"line":39,"column":null}},"13":{"start":{"line":43,"column":4},"end":{"line":43,"column":null}},"14":{"start":{"line":43,"column":17},"end":{"line":43,"column":null}},"15":{"start":{"line":45,"column":25},"end":{"line":64,"column":null}},"16":{"start":{"line":46,"column":8},"end":{"line":46,"column":null}},"17":{"start":{"line":47,"column":8},"end":{"line":47,"column":null}},"18":{"start":{"line":48,"column":8},"end":{"line":63,"column":null}},"19":{"start":{"line":49,"column":35},"end":{"line":49,"column":null}},"20":{"start":{"line":50,"column":12},"end":{"line":57,"column":null}},"21":{"start":{"line":58,"column":12},"end":{"line":58,"column":null}},"22":{"start":{"line":60,"column":12},"end":{"line":60,"column":null}},"23":{"start":{"line":62,"column":12},"end":{"line":62,"column":null}},"24":{"start":{"line":66,"column":4},"end":{"line":169,"column":null}},"25":{"start":{"line":88,"column":49},"end":{"line":88,"column":null}},"26":{"start":{"line":102,"column":53},"end":{"line":102,"column":null}},"27":{"start":{"line":118,"column":57},"end":{"line":118,"column":null}},"28":{"start":{"line":129,"column":57},"end":{"line":129,"column":null}},"29":{"start":{"line":143,"column":36},"end":{"line":150,"column":null}},"30":{"start":{"line":146,"column":55},"end":{"line":146,"column":null}}},"fnMap":{"0":{"name":"ManualWorkoutModal","decl":{"start":{"line":4,"column":24},"end":{"line":4,"column":43}},"loc":{"start":{"line":4,"column":85},"end":{"line":171,"column":null}},"line":4},"1":{"name":"(anonymous_1)","decl":{"start":{"line":5,"column":29},"end":{"line":5,"column":30}},"loc":{"start":{"line":5,"column":42},"end":{"line":9,"column":null}},"line":5},"2":{"name":"(anonymous_2)","decl":{"start":{"line":21,"column":14},"end":{"line":21,"column":20}},"loc":{"start":{"line":21,"column":20},"end":{"line":41,"column":7}},"line":21},"3":{"name":"(anonymous_3)","decl":{"start":{"line":45,"column":25},"end":{"line":45,"column":32}},"loc":{"start":{"line":45,"column":38},"end":{"line":64,"column":null}},"line":45},"4":{"name":"(anonymous_4)","decl":{"start":{"line":88,"column":42},"end":{"line":88,"column":43}},"loc":{"start":{"line":88,"column":49},"end":{"line":88,"column":null}},"line":88},"5":{"name":"(anonymous_5)","decl":{"start":{"line":102,"column":46},"end":{"line":102,"column":47}},"loc":{"start":{"line":102,"column":53},"end":{"line":102,"column":null}},"line":102},"6":{"name":"(anonymous_6)","decl":{"start":{"line":118,"column":50},"end":{"line":118,"column":51}},"loc":{"start":{"line":118,"column":57},"end":{"line":118,"column":null}},"line":118},"7":{"name":"(anonymous_7)","decl":{"start":{"line":129,"column":50},"end":{"line":129,"column":51}},"loc":{"start":{"line":129,"column":57},"end":{"line":129,"column":null}},"line":129},"8":{"name":"(anonymous_8)","decl":{"start":{"line":142,"column":53},"end":{"line":142,"column":54}},"loc":{"start":{"line":143,"column":36},"end":{"line":150,"column":null}},"line":143},"9":{"name":"(anonymous_9)","decl":{"start":{"line":146,"column":49},"end":{"line":146,"column":55}},"loc":{"start":{"line":146,"column":55},"end":{"line":146,"column":null}},"line":146}},"branchMap":{"0":{"loc":{"start":{"line":6,"column":21},"end":{"line":6,"column":null}},"type":"cond-expr","locations":[{"start":{"line":6,"column":31},"end":{"line":6,"column":51}},{"start":{"line":6,"column":51},"end":{"line":6,"column":null}}],"line":6},"1":{"loc":{"start":{"line":22,"column":8},"end":{"line":40,"column":null}},"type":"if","locations":[{"start":{"line":22,"column":8},"end":{"line":40,"column":null}},{"start":{"line":32,"column":8},"end":{"line":40,"column":null}}],"line":22},"2":{"loc":{"start":{"line":22,"column":12},"end":{"line":22,"column":35}},"type":"binary-expr","locations":[{"start":{"line":22,"column":12},"end":{"line":22,"column":27}},{"start":{"line":22,"column":27},"end":{"line":22,"column":35}}],"line":22},"3":{"loc":{"start":{"line":23,"column":34},"end":{"line":23,"column":95}},"type":"binary-expr","locations":[{"start":{"line":23,"column":34},"end":{"line":23,"column":66}},{"start":{"line":23,"column":66},"end":{"line":23,"column":90}},{"start":{"line":23,"column":90},"end":{"line":23,"column":95}}],"line":23},"4":{"loc":{"start":{"line":24,"column":23},"end":{"line":24,"column":84}},"type":"binary-expr","locations":[{"start":{"line":24,"column":23},"end":{"line":24,"column":55}},{"start":{"line":24,"column":55},"end":{"line":24,"column":79}},{"start":{"line":24,"column":79},"end":{"line":24,"column":84}}],"line":24},"5":{"loc":{"start":{"line":26,"column":22},"end":{"line":26,"column":null}},"type":"binary-expr","locations":[{"start":{"line":26,"column":22},"end":{"line":26,"column":42}},{"start":{"line":26,"column":42},"end":{"line":26,"column":null}}],"line":26},"6":{"loc":{"start":{"line":30,"column":24},"end":{"line":30,"column":null}},"type":"binary-expr","locations":[{"start":{"line":30,"column":24},"end":{"line":30,"column":46}},{"start":{"line":30,"column":46},"end":{"line":30,"column":null}}],"line":30},"7":{"loc":{"start":{"line":32,"column":8},"end":{"line":40,"column":null}},"type":"if","locations":[{"start":{"line":32,"column":8},"end":{"line":40,"column":null}},{"start":{},"end":{}}],"line":32},"8":{"loc":{"start":{"line":32,"column":19},"end":{"line":32,"column":43}},"type":"binary-expr","locations":[{"start":{"line":32,"column":19},"end":{"line":32,"column":35}},{"start":{"line":32,"column":35},"end":{"line":32,"column":43}}],"line":32},"9":{"loc":{"start":{"line":43,"column":4},"end":{"line":43,"column":null}},"type":"if","locations":[{"start":{"line":43,"column":4},"end":{"line":43,"column":null}},{"start":{},"end":{}}],"line":43},"10":{"loc":{"start":{"line":56,"column":27},"end":{"line":56,"column":null}},"type":"binary-expr","locations":[{"start":{"line":56,"column":27},"end":{"line":56,"column":53}},{"start":{"line":56,"column":53},"end":{"line":56,"column":null}}],"line":56},"11":{"loc":{"start":{"line":74,"column":25},"end":{"line":74,"column":null}},"type":"cond-expr","locations":[{"start":{"line":74,"column":39},"end":{"line":74,"column":64}},{"start":{"line":74,"column":64},"end":{"line":74,"column":null}}],"line":74},"12":{"loc":{"start":{"line":77,"column":25},"end":{"line":77,"column":null}},"type":"cond-expr","locations":[{"start":{"line":77,"column":39},"end":{"line":77,"column":64}},{"start":{"line":77,"column":64},"end":{"line":77,"column":null}}],"line":77},"13":{"loc":{"start":{"line":118,"column":91},"end":{"line":118,"column":121}},"type":"binary-expr","locations":[{"start":{"line":118,"column":91},"end":{"line":118,"column":119}},{"start":{"line":118,"column":119},"end":{"line":118,"column":121}}],"line":118},"14":{"loc":{"start":{"line":129,"column":93},"end":{"line":129,"column":123}},"type":"binary-expr","locations":[{"start":{"line":129,"column":93},"end":{"line":129,"column":121}},{"start":{"line":129,"column":121},"end":{"line":129,"column":123}}],"line":129},"15":{"loc":{"start":{"line":147,"column":92},"end":{"line":147,"column":183}},"type":"cond-expr","locations":[{"start":{"line":147,"column":118},"end":{"line":147,"column":148}},{"start":{"line":147,"column":148},"end":{"line":147,"column":183}}],"line":147},"16":{"loc":{"start":{"line":149,"column":62},"end":{"line":149,"column":113}},"type":"cond-expr","locations":[{"start":{"line":149,"column":88},"end":{"line":149,"column":105}},{"start":{"line":149,"column":105},"end":{"line":149,"column":113}}],"line":149},"17":{"loc":{"start":{"line":153,"column":29},"end":{"line":154,"column":null}},"type":"binary-expr","locations":[{"start":{"line":153,"column":29},"end":{"line":153,"column":53}},{"start":{"line":153,"column":53},"end":{"line":153,"column":null}},{"start":{"line":154,"column":32},"end":{"line":154,"column":null}}],"line":153},"18":{"loc":{"start":{"line":164,"column":25},"end":{"line":164,"column":null}},"type":"cond-expr","locations":[{"start":{"line":164,"column":35},"end":{"line":164,"column":88}},{"start":{"line":164,"column":88},"end":{"line":164,"column":null}}],"line":164},"19":{"loc":{"start":{"line":164,"column":88},"end":{"line":164,"column":null}},"type":"cond-expr","locations":[{"start":{"line":164,"column":102},"end":{"line":164,"column":124}},{"start":{"line":164,"column":124},"end":{"line":164,"column":null}}],"line":164},"20":{"loc":{"start":{"line":165,"column":25},"end":{"line":165,"column":null}},"type":"cond-expr","locations":[{"start":{"line":165,"column":35},"end":{"line":165,"column":56}},{"start":{"line":165,"column":56},"end":{"line":165,"column":null}}],"line":165},"21":{"loc":{"start":{"line":165,"column":56},"end":{"line":165,"column":null}},"type":"cond-expr","locations":[{"start":{"line":165,"column":70},"end":{"line":165,"column":94}},{"start":{"line":165,"column":94},"end":{"line":165,"column":null}}],"line":165}},"s":{"0":18,"1":22,"2":22,"3":22,"4":18,"5":18,"6":18,"7":7,"8":2,"9":2,"10":2,"11":5,"12":2,"13":18,"14":4,"15":14,"16":2,"17":2,"18":2,"19":2,"20":2,"21":2,"22":0,"23":2,"24":14,"25":2,"26":0,"27":1,"28":1,"29":70,"30":0},"f":{"0":18,"1":22,"2":7,"3":2,"4":2,"5":0,"6":1,"7":1,"8":70,"9":0},"b":{"0":[2,20],"1":[2,5],"2":[7,2],"3":[2,0,0],"4":[2,0,0],"5":[2,0],"6":[2,1],"7":[2,3],"8":[5,5],"9":[4,14],"10":[2,2],"11":[6,8],"12":[6,8],"13":[1,0],"14":[1,0],"15":[69,1],"16":[69,1],"17":[18,0,0],"18":[3,11],"19":[5,6],"20":[3,11],"21":[5,6]},"meta":{"lastBranch":22,"lastFunction":10,"lastStatement":31,"seen":{"f:4:24:4:43":0,"s:5:29:9:Infinity":0,"f:5:29:5:30":1,"s:6:21:6:Infinity":1,"b:6:31:6:51:6:51:6:Infinity":0,"s:7:23:7:Infinity":2,"s:8:8:8:Infinity":3,"s:11:32:17:Infinity":4,"s:18:30:18:Infinity":5,"s:21:4:41:Infinity":6,"f:21:14:21:20":2,"b:22:8:40:Infinity:32:8:40:Infinity":1,"s:22:8:40:Infinity":7,"b:22:12:22:27:22:27:22:35":2,"s:23:22:23:Infinity":8,"b:23:34:23:66:23:66:23:90:23:90:23:95":3,"s:24:18:24:Infinity":9,"b:24:23:24:55:24:55:24:79:24:79:24:84":4,"s:25:12:31:Infinity":10,"b:26:22:26:42:26:42:26:Infinity":5,"b:30:24:30:46:30:46:30:Infinity":6,"b:32:8:40:Infinity:undefined:undefined:undefined:undefined":7,"s:32:8:40:Infinity":11,"b:32:19:32:35:32:35:32:43":8,"s:33:12:39:Infinity":12,"b:43:4:43:Infinity:undefined:undefined:undefined:undefined":9,"s:43:4:43:Infinity":13,"s:43:17:43:Infinity":14,"s:45:25:64:Infinity":15,"f:45:25:45:32":3,"s:46:8:46:Infinity":16,"s:47:8:47:Infinity":17,"s:48:8:63:Infinity":18,"s:49:35:49:Infinity":19,"s:50:12:57:Infinity":20,"b:56:27:56:53:56:53:56:Infinity":10,"s:58:12:58:Infinity":21,"s:60:12:60:Infinity":22,"s:62:12:62:Infinity":23,"s:66:4:169:Infinity":24,"b:74:39:74:64:74:64:74:Infinity":11,"b:77:39:77:64:77:64:77:Infinity":12,"f:88:42:88:43":4,"s:88:49:88:Infinity":25,"f:102:46:102:47":5,"s:102:53:102:Infinity":26,"f:118:50:118:51":6,"s:118:57:118:Infinity":27,"b:118:91:118:119:118:119:118:121":13,"f:129:50:129:51":7,"s:129:57:129:Infinity":28,"b:129:93:129:121:129:121:129:123":14,"f:142:53:142:54":8,"s:143:36:150:Infinity":29,"f:146:49:146:55":9,"s:146:55:146:Infinity":30,"b:147:118:147:148:147:148:147:183":15,"b:149:88:149:105:149:105:149:113":16,"b:153:29:153:53:153:53:153:Infinity:154:32:154:Infinity":17,"b:164:35:164:88:164:88:164:Infinity":18,"b:164:102:164:124:164:124:164:Infinity":19,"b:165:35:165:56:165:56:165:Infinity":20,"b:165:70:165:94:165:94:165:Infinity":21}}}
,"C:\\Users\\david\\OneDrive\\Escritorio\\gymai-proyecto\\frontend\\ai-gym-trainer\\src\\components\\WorkoutSummaryModal.jsx": {"path":"C:\\Users\\david\\OneDrive\\Escritorio\\gymai-proyecto\\frontend\\ai-gym-trainer\\src\\components\\WorkoutSummaryModal.jsx","statementMap":{"0":{"start":{"line":5,"column":28},"end":{"line":5,"column":null}},"1":{"start":{"line":6,"column":32},"end":{"line":6,"column":null}},"2":{"start":{"line":8,"column":4},"end":{"line":8,"column":null}},"3":{"start":{"line":8,"column":17},"end":{"line":8,"column":null}},"4":{"start":{"line":10,"column":4},"end":{"line":92,"column":null}},"5":{"start":{"line":42,"column":32},"end":{"line":52,"column":null}},"6":{"start":{"line":44,"column":51},"end":{"line":44,"column":null}},"7":{"start":{"line":71,"column":45},"end":{"line":71,"column":null}},"8":{"start":{"line":77,"column":39},"end":{"line":77,"column":null}}},"fnMap":{"0":{"name":"WorkoutSummaryModal","decl":{"start":{"line":4,"column":24},"end":{"line":4,"column":44}},"loc":{"start":{"line":4,"column":106},"end":{"line":94,"column":null}},"line":4},"1":{"name":"(anonymous_1)","decl":{"start":{"line":41,"column":49},"end":{"line":41,"column":50}},"loc":{"start":{"line":42,"column":32},"end":{"line":52,"column":null}},"line":42},"2":{"name":"(anonymous_2)","decl":{"start":{"line":44,"column":45},"end":{"line":44,"column":51}},"loc":{"start":{"line":44,"column":51},"end":{"line":44,"column":null}},"line":44},"3":{"name":"(anonymous_3)","decl":{"start":{"line":71,"column":38},"end":{"line":71,"column":39}},"loc":{"start":{"line":71,"column":45},"end":{"line":71,"column":null}},"line":71},"4":{"name":"(anonymous_4)","decl":{"start":{"line":77,"column":33},"end":{"line":77,"column":39}},"loc":{"start":{"line":77,"column":39},"end":{"line":77,"column":null}},"line":77}},"branchMap":{"0":{"loc":{"start":{"line":6,"column":45},"end":{"line":6,"column":66}},"type":"binary-expr","locations":[{"start":{"line":6,"column":45},"end":{"line":6,"column":64}},{"start":{"line":6,"column":64},"end":{"line":6,"column":66}}],"line":6},"1":{"loc":{"start":{"line":8,"column":4},"end":{"line":8,"column":null}},"type":"if","locations":[{"start":{"line":8,"column":4},"end":{"line":8,"column":null}},{"start":{},"end":{}}],"line":8},"2":{"loc":{"start":{"line":45,"column":88},"end":{"line":45,"column":170}},"type":"cond-expr","locations":[{"start":{"line":45,"column":105},"end":{"line":45,"column":135}},{"start":{"line":45,"column":135},"end":{"line":45,"column":170}}],"line":45},"3":{"loc":{"start":{"line":49,"column":46},"end":{"line":49,"column":null}},"type":"cond-expr","locations":[{"start":{"line":49,"column":63},"end":{"line":49,"column":80}},{"start":{"line":49,"column":80},"end":{"line":49,"column":null}}],"line":49}},"s":{"0":11,"1":11,"2":11,"3":9,"4":2,"5":10,"6":0,"7":0,"8":2},"f":{"0":11,"1":10,"2":0,"3":0,"4":2},"b":{"0":[11,10],"1":[9,2],"2":[10,0],"3":[10,0]},"meta":{"lastBranch":4,"lastFunction":5,"lastStatement":9,"seen":{"f:4:24:4:44":0,"s:5:28:5:Infinity":0,"s:6:32:6:Infinity":1,"b:6:45:6:64:6:64:6:66":0,"b:8:4:8:Infinity:undefined:undefined:undefined:undefined":1,"s:8:4:8:Infinity":2,"s:8:17:8:Infinity":3,"s:10:4:92:Infinity":4,"f:41:49:41:50":1,"s:42:32:52:Infinity":5,"f:44:45:44:51":2,"s:44:51:44:Infinity":6,"b:45:105:45:135:45:135:45:170":2,"b:49:63:49:80:49:80:49:Infinity":3,"f:71:38:71:39":3,"s:71:45:71:Infinity":7,"f:77:33:77:39":4,"s:77:39:77:Infinity":8}}}
,"C:\\Users\\david\\OneDrive\\Escritorio\\gymai-proyecto\\frontend\\ai-gym-trainer\\src\\context\\AuthContext.jsx": {"path":"C:\\Users\\david\\OneDrive\\Escritorio\\gymai-proyecto\\frontend\\ai-gym-trainer\\src\\context\\AuthContext.jsx","statementMap":{"0":{"start":{"line":4,"column":13},"end":{"line":4,"column":null}},"1":{"start":{"line":6,"column":23},"end":{"line":6,"column":null}},"2":{"start":{"line":8,"column":28},"end":{"line":49,"column":null}},"3":{"start":{"line":9,"column":24},"end":{"line":9,"column":null}},"4":{"start":{"line":10,"column":30},"end":{"line":10,"column":null}},"5":{"start":{"line":11,"column":30},"end":{"line":11,"column":null}},"6":{"start":{"line":13,"column":4},"end":{"line":29,"column":null}},"7":{"start":{"line":15,"column":8},"end":{"line":19,"column":null}},"8":{"start":{"line":16,"column":12},"end":{"line":16,"column":null}},"9":{"start":{"line":17,"column":12},"end":{"line":17,"column":null}},"10":{"start":{"line":18,"column":12},"end":{"line":18,"column":null}},"11":{"start":{"line":22,"column":43},"end":{"line":26,"column":null}},"12":{"start":{"line":23,"column":12},"end":{"line":23,"column":null}},"13":{"start":{"line":24,"column":12},"end":{"line":24,"column":null}},"14":{"start":{"line":25,"column":12},"end":{"line":25,"column":null}},"15":{"start":{"line":28,"column":8},"end":{"line":28,"column":null}},"16":{"start":{"line":28,"column":21},"end":{"line":28,"column":null}},"17":{"start":{"line":31,"column":18},"end":{"line":42,"column":null}},"18":{"start":{"line":32,"column":37},"end":{"line":32,"column":null}},"19":{"start":{"line":33,"column":37},"end":{"line":33,"column":null}},"20":{"start":{"line":34,"column":23},"end":{"line":34,"column":null}},"21":{"start":{"line":35,"column":34},"end":{"line":37,"column":null}},"22":{"start":{"line":38,"column":42},"end":{"line":38,"column":null}},"23":{"start":{"line":44,"column":4},"end":{"line":47,"column":null}}},"fnMap":{"0":{"name":"(anonymous_0)","decl":{"start":{"line":6,"column":23},"end":{"line":6,"column":29}},"loc":{"start":{"line":6,"column":23},"end":{"line":6,"column":null}},"line":6},"1":{"name":"(anonymous_1)","decl":{"start":{"line":8,"column":28},"end":{"line":8,"column":29}},"loc":{"start":{"line":8,"column":46},"end":{"line":49,"column":null}},"line":8},"2":{"name":"(anonymous_2)","decl":{"start":{"line":13,"column":14},"end":{"line":13,"column":20}},"loc":{"start":{"line":13,"column":20},"end":{"line":29,"column":7}},"line":13},"3":{"name":"(anonymous_3)","decl":{"start":{"line":15,"column":40},"end":{"line":15,"column":41}},"loc":{"start":{"line":15,"column":67},"end":{"line":19,"column":9}},"line":15},"4":{"name":"(anonymous_4)","decl":{"start":{"line":22,"column":75},"end":{"line":22,"column":76}},"loc":{"start":{"line":22,"column":96},"end":{"line":26,"column":9}},"line":22},"5":{"name":"(anonymous_5)","decl":{"start":{"line":28,"column":15},"end":{"line":28,"column":21}},"loc":{"start":{"line":28,"column":21},"end":{"line":28,"column":null}},"line":28},"6":{"name":"(anonymous_6)","decl":{"start":{"line":32,"column":16},"end":{"line":32,"column":17}},"loc":{"start":{"line":32,"column":37},"end":{"line":32,"column":null}},"line":32},"7":{"name":"(anonymous_7)","decl":{"start":{"line":33,"column":16},"end":{"line":33,"column":17}},"loc":{"start":{"line":33,"column":37},"end":{"line":33,"column":null}},"line":33},"8":{"name":"(anonymous_8)","decl":{"start":{"line":34,"column":17},"end":{"line":34,"column":23}},"loc":{"start":{"line":34,"column":23},"end":{"line":34,"column":null}},"line":34},"9":{"name":"(anonymous_9)","decl":{"start":{"line":35,"column":23},"end":{"line":35,"column":24}},"loc":{"start":{"line":35,"column":34},"end":{"line":37,"column":null}},"line":35},"10":{"name":"(anonymous_10)","decl":{"start":{"line":38,"column":24},"end":{"line":38,"column":25}},"loc":{"start":{"line":38,"column":42},"end":{"line":38,"column":null}},"line":38}},"branchMap":{"0":{"loc":{"start":{"line":17,"column":20},"end":{"line":17,"column":41}},"type":"binary-expr","locations":[{"start":{"line":17,"column":20},"end":{"line":17,"column":37}},{"start":{"line":17,"column":37},"end":{"line":17,"column":41}}],"line":17},"1":{"loc":{"start":{"line":24,"column":20},"end":{"line":24,"column":41}},"type":"binary-expr","locations":[{"start":{"line":24,"column":20},"end":{"line":24,"column":37}},{"start":{"line":24,"column":37},"end":{"line":24,"column":41}}],"line":24},"2":{"loc":{"start":{"line":46,"column":13},"end":{"line":46,"column":null}},"type":"binary-expr","locations":[{"start":{"line":46,"column":13},"end":{"line":46,"column":25}},{"start":{"line":46,"column":25},"end":{"line":46,"column":null}}],"line":46}},"s":{"0":11,"1":165,"2":11,"3":10,"4":10,"5":10,"6":10,"7":4,"8":4,"9":4,"10":4,"11":4,"12":2,"13":2,"14":2,"15":4,"16":4,"17":10,"18":0,"19":1,"20":0,"21":0,"22":0,"23":10},"f":{"0":165,"1":10,"2":4,"3":4,"4":2,"5":4,"6":0,"7":1,"8":0,"9":0,"10":0},"b":{"0":[4,3],"1":[2,1],"2":[10,6]},"meta":{"lastBranch":3,"lastFunction":11,"lastStatement":24,"seen":{"s:4:13:4:Infinity":0,"s:6:23:6:Infinity":1,"f:6:23:6:29":0,"s:8:28:49:Infinity":2,"f:8:28:8:29":1,"s:9:24:9:Infinity":3,"s:10:30:10:Infinity":4,"s:11:30:11:Infinity":5,"s:13:4:29:Infinity":6,"f:13:14:13:20":2,"s:15:8:19:Infinity":7,"f:15:40:15:41":3,"s:16:12:16:Infinity":8,"s:17:12:17:Infinity":9,"b:17:20:17:37:17:37:17:41":0,"s:18:12:18:Infinity":10,"s:22:43:26:Infinity":11,"f:22:75:22:76":4,"s:23:12:23:Infinity":12,"s:24:12:24:Infinity":13,"b:24:20:24:37:24:37:24:41":1,"s:25:12:25:Infinity":14,"s:28:8:28:Infinity":15,"f:28:15:28:21":5,"s:28:21:28:Infinity":16,"s:31:18:42:Infinity":17,"f:32:16:32:17":6,"s:32:37:32:Infinity":18,"f:33:16:33:17":7,"s:33:37:33:Infinity":19,"f:34:17:34:23":8,"s:34:23:34:Infinity":20,"f:35:23:35:24":9,"s:35:34:37:Infinity":21,"f:38:24:38:25":10,"s:38:42:38:Infinity":22,"s:44:4:47:Infinity":23,"b:46:13:46:25:46:25:46:Infinity":2}}}
,"C:\\Users\\david\\OneDrive\\Escritorio\\gymai-proyecto\\frontend\\ai-gym-trainer\\src\\lib\\api.js": {"path":"C:\\Users\\david\\OneDrive\\Escritorio\\gymai-proyecto\\frontend\\ai-gym-trainer\\src\\lib\\api.js","statementMap":{"0":{"start":{"line":5,"column":16},"end":{"line":5,"column":50}},"1":{"start":{"line":8,"column":34},"end":{"line":8,"column":66}},"2":{"start":{"line":9,"column":18},"end":{"line":9,"column":39}},"3":{"start":{"line":11,"column":20},"end":{"line":14,"column":5}},"4":{"start":{"line":16,"column":4},"end":{"line":18,"column":5}},"5":{"start":{"line":17,"column":8},"end":{"line":17,"column":52}},"6":{"start":{"line":20,"column":4},"end":{"line":20,"column":18}},"7":{"start":{"line":24,"column":17},"end":{"line":34,"column":1}},"8":{"start":{"line":25,"column":15},"end":{"line":25,"column":69}},"9":{"start":{"line":26,"column":15},"end":{"line":26,"column":67}},"10":{"start":{"line":29,"column":4},"end":{"line":31,"column":5}},"11":{"start":{"line":30,"column":8},"end":{"line":30,"column":40}},"12":{"start":{"line":33,"column":4},"end":{"line":33,"column":28}},"13":{"start":{"line":36,"column":19},"end":{"line":78,"column":null}},"14":{"start":{"line":38,"column":24},"end":{"line":38,"column":42}},"15":{"start":{"line":39,"column":25},"end":{"line":39,"column":69}},"16":{"start":{"line":40,"column":8},"end":{"line":40,"column":93}},"17":{"start":{"line":40,"column":26},"end":{"line":40,"column":93}},"18":{"start":{"line":41,"column":8},"end":{"line":41,"column":36}},"19":{"start":{"line":45,"column":24},"end":{"line":45,"column":42}},"20":{"start":{"line":46,"column":25},"end":{"line":50,"column":10}},"21":{"start":{"line":51,"column":8},"end":{"line":54,"column":9}},"22":{"start":{"line":52,"column":24},"end":{"line":52,"column":63}},"23":{"start":{"line":52,"column":59},"end":{"line":52,"column":61}},"24":{"start":{"line":53,"column":12},"end":{"line":53,"column":68}},"25":{"start":{"line":55,"column":8},"end":{"line":55,"column":36}},"26":{"start":{"line":59,"column":24},"end":{"line":59,"column":42}},"27":{"start":{"line":60,"column":25},"end":{"line":64,"column":10}},"28":{"start":{"line":65,"column":8},"end":{"line":65,"column":69}},"29":{"start":{"line":65,"column":26},"end":{"line":65,"column":69}},"30":{"start":{"line":66,"column":8},"end":{"line":66,"column":36}},"31":{"start":{"line":70,"column":24},"end":{"line":70,"column":42}},"32":{"start":{"line":71,"column":25},"end":{"line":74,"column":10}},"33":{"start":{"line":75,"column":8},"end":{"line":75,"column":69}},"34":{"start":{"line":75,"column":26},"end":{"line":75,"column":69}},"35":{"start":{"line":76,"column":8},"end":{"line":76,"column":36}}},"fnMap":{"0":{"name":"getHeaders","decl":{"start":{"line":7,"column":15},"end":{"line":7,"column":25}},"loc":{"start":{"line":7,"column":28},"end":{"line":21,"column":1}},"line":7},"1":{"name":"(anonymous_1)","decl":{"start":{"line":24,"column":17},"end":{"line":24,"column":18}},"loc":{"start":{"line":24,"column":31},"end":{"line":34,"column":1}},"line":24},"2":{"name":"(anonymous_2)","decl":{"start":{"line":37,"column":9},"end":{"line":37,"column":14}},"loc":{"start":{"line":37,"column":29},"end":{"line":42,"column":5}},"line":37},"3":{"name":"(anonymous_3)","decl":{"start":{"line":44,"column":10},"end":{"line":44,"column":15}},"loc":{"start":{"line":44,"column":36},"end":{"line":56,"column":5}},"line":44},"4":{"name":"(anonymous_4)","decl":{"start":{"line":52,"column":52},"end":{"line":52,"column":53}},"loc":{"start":{"line":52,"column":59},"end":{"line":52,"column":61}},"line":52},"5":{"name":"(anonymous_5)","decl":{"start":{"line":58,"column":9},"end":{"line":58,"column":14}},"loc":{"start":{"line":58,"column":35},"end":{"line":67,"column":5}},"line":58},"6":{"name":"(anonymous_6)","decl":{"start":{"line":69,"column":12},"end":{"line":69,"column":17}},"loc":{"start":{"line":69,"column":32},"end":{"line":77,"column":5}},"line":69}},"branchMap":{"0":{"loc":{"start":{"line":5,"column":16},"end":{"line":5,"column":50}},"type":"binary-expr","locations":[{"start":{"line":5,"column":16},"end":{"line":5,"column":44}},{"start":{"line":5,"column":48},"end":{"line":5,"column":50}}],"line":5},"1":{"loc":{"start":{"line":16,"column":4},"end":{"line":18,"column":5}},"type":"if","locations":[{"start":{"line":16,"column":4},"end":{"line":18,"column":5}},{"start":{},"end":{}}],"line":16},"2":{"loc":{"start":{"line":25,"column":15},"end":{"line":25,"column":69}},"type":"cond-expr","locations":[{"start":{"line":25,"column":39},"end":{"line":25,"column":59}},{"start":{"line":25,"column":62},"end":{"line":25,"column":69}}],"line":25},"3":{"loc":{"start":{"line":26,"column":15},"end":{"line":26,"column":67}},"type":"cond-expr","locations":[{"start":{"line":26,"column":42},"end":{"line":26,"column":50}},{"start":{"line":26,"column":53},"end":{"line":26,"column":67}}],"line":26},"4":{"loc":{"start":{"line":29,"column":4},"end":{"line":31,"column":5}},"type":"if","locations":[{"start":{"line":29,"column":4},"end":{"line":31,"column":5}},{"start":{},"end":{}}],"line":29},"5":{"loc":{"start":{"line":29,"column":8},"end":{"line":29,"column":57}},"type":"binary-expr","locations":[{"start":{"line":29,"column":8},"end":{"line":29,"column":29}},{"start":{"line":29,"column":33},"end":{"line":29,"column":57}}],"line":29},"6":{"loc":{"start":{"line":40,"column":8},"end":{"line":40,"column":93}},"type":"if","locations":[{"start":{"line":40,"column":8},"end":{"line":40,"column":93}},{"start":{},"end":{}}],"line":40},"7":{"loc":{"start":{"line":51,"column":8},"end":{"line":54,"column":9}},"type":"if","locations":[{"start":{"line":51,"column":8},"end":{"line":54,"column":9}},{"start":{},"end":{}}],"line":51},"8":{"loc":{"start":{"line":53,"column":28},"end":{"line":53,"column":67}},"type":"binary-expr","locations":[{"start":{"line":53,"column":28},"end":{"line":53,"column":37}},{"start":{"line":53,"column":41},"end":{"line":53,"column":67}}],"line":53},"9":{"loc":{"start":{"line":65,"column":8},"end":{"line":65,"column":69}},"type":"if","locations":[{"start":{"line":65,"column":8},"end":{"line":65,"column":69}},{"start":{},"end":{}}],"line":65},"10":{"loc":{"start":{"line":75,"column":8},"end":{"line":75,"column":69}},"type":"if","locations":[{"start":{"line":75,"column":8},"end":{"line":75,"column":69}},{"start":{},"end":{}}],"line":75}},"s":{"0":1,"1":5,"2":5,"3":5,"4":5,"5":5,"6":5,"7":1,"8":5,"9":5,"10":5,"11":0,"12":5,"13":1,"14":0,"15":0,"16":0,"17":0,"18":0,"19":1,"20":1,"21":1,"22":1,"23":0,"24":1,"25":0,"26":2,"27":2,"28":2,"29":1,"30":1,"31":2,"32":2,"33":2,"34":1,"35":1},"f":{"0":5,"1":5,"2":0,"3":1,"4":0,"5":2,"6":2},"b":{"0":[1,0],"1":[5,0],"2":[0,5],"3":[5,0],"4":[0,5],"5":[5,5],"6":[0,0],"7":[1,0],"8":[1,0],"9":[1,1],"10":[1,1]},"meta":{"lastBranch":11,"lastFunction":7,"lastStatement":36,"seen":{"s:5:16:5:50":0,"b:5:16:5:44:5:48:5:50":0,"f:7:15:7:25":0,"s:8:34:8:66":1,"s:9:18:9:39":2,"s:11:20:14:5":3,"b:16:4:18:5:undefined:undefined:undefined:undefined":1,"s:16:4:18:5":4,"s:17:8:17:52":5,"s:20:4:20:18":6,"s:24:17:34:1":7,"f:24:17:24:18":1,"s:25:15:25:69":8,"b:25:39:25:59:25:62:25:69":2,"s:26:15:26:67":9,"b:26:42:26:50:26:53:26:67":3,"b:29:4:31:5:undefined:undefined:undefined:undefined":4,"s:29:4:31:5":10,"b:29:8:29:29:29:33:29:57":5,"s:30:8:30:40":11,"s:33:4:33:28":12,"s:36:19:78:Infinity":13,"f:37:9:37:14":2,"s:38:24:38:42":14,"s:39:25:39:69":15,"b:40:8:40:93:undefined:undefined:undefined:undefined":6,"s:40:8:40:93":16,"s:40:26:40:93":17,"s:41:8:41:36":18,"f:44:10:44:15":3,"s:45:24:45:42":19,"s:46:25:50:10":20,"b:51:8:54:9:undefined:undefined:undefined:undefined":7,"s:51:8:54:9":21,"s:52:24:52:63":22,"f:52:52:52:53":4,"s:52:59:52:61":23,"s:53:12:53:68":24,"b:53:28:53:37:53:41:53:67":8,"s:55:8:55:36":25,"f:58:9:58:14":5,"s:59:24:59:42":26,"s:60:25:64:10":27,"b:65:8:65:69:undefined:undefined:undefined:undefined":9,"s:65:8:65:69":28,"s:65:26:65:69":29,"s:66:8:66:36":30,"f:69:12:69:17":6,"s:70:24:70:42":31,"s:71:25:74:10":32,"b:75:8:75:69:undefined:undefined:undefined:undefined":10,"s:75:8:75:69":33,"s:75:26:75:69":34,"s:76:8:76:36":35}}}
,"C:\\Users\\david\\OneDrive\\Escritorio\\gymai-proyecto\\frontend\\ai-gym-trainer\\src\\lib\\supabaseClient.js": {"path":"C:\\Users\\david\\OneDrive\\Escritorio\\gymai-proyecto\\frontend\\ai-gym-trainer\\src\\lib\\supabaseClient.js","statementMap":{"0":{"start":{"line":3,"column":20},"end":{"line":3,"column":53}},"1":{"start":{"line":4,"column":24},"end":{"line":4,"column":62}},"2":{"start":{"line":6,"column":0},"end":{"line":8,"column":1}},"3":{"start":{"line":7,"column":4},"end":{"line":7,"column":64}},"4":{"start":{"line":10,"column":23},"end":{"line":10,"column":66}}},"fnMap":{},"branchMap":{"0":{"loc":{"start":{"line":6,"column":0},"end":{"line":8,"column":1}},"type":"if","locations":[{"start":{"line":6,"column":0},"end":{"line":8,"column":1}},{"start":{},"end":{}}],"line":6},"1":{"loc":{"start":{"line":6,"column":4},"end":{"line":6,"column":36}},"type":"binary-expr","locations":[{"start":{"line":6,"column":4},"end":{"line":6,"column":16}},{"start":{"line":6,"column":20},"end":{"line":6,"column":36}}],"line":6}},"s":{"0":6,"1":6,"2":6,"3":0,"4":6},"f":{},"b":{"0":[0,6],"1":[6,6]},"meta":{"lastBranch":2,"lastFunction":0,"lastStatement":5,"seen":{"s:3:20:3:53":0,"s:4:24:4:62":1,"b:6:0:8:1:undefined:undefined:undefined:undefined":0,"s:6:0:8:1":2,"b:6:4:6:16:6:20:6:36":1,"s:7:4:7:64":3,"s:10:23:10:66":4}}}
,"C:\\Users\\david\\OneDrive\\Escritorio\\gymai-proyecto\\frontend\\ai-gym-trainer\\src\\pages\\AICoach.jsx": {"path":"C:\\Users\\david\\OneDrive\\Escritorio\\gymai-proyecto\\frontend\\ai-gym-trainer\\src\\pages\\AICoach.jsx","statementMap":{"0":{"start":{"line":7,"column":17},"end":{"line":7,"column":null}},"1":{"start":{"line":8,"column":24},"end":{"line":8,"column":null}},"2":{"start":{"line":9,"column":32},"end":{"line":11,"column":null}},"3":{"start":{"line":12,"column":26},"end":{"line":12,"column":null}},"4":{"start":{"line":13,"column":30},"end":{"line":13,"column":null}},"5":{"start":{"line":14,"column":48},"end":{"line":14,"column":null}},"6":{"start":{"line":15,"column":42},"end":{"line":15,"column":null}},"7":{"start":{"line":16,"column":38},"end":{"line":16,"column":null}},"8":{"start":{"line":17,"column":10},"end":{"line":17,"column":null}},"9":{"start":{"line":20,"column":30},"end":{"line":25,"column":null}},"10":{"start":{"line":27,"column":27},"end":{"line":29,"column":null}},"11":{"start":{"line":28,"column":8},"end":{"line":28,"column":null}},"12":{"start":{"line":31,"column":4},"end":{"line":31,"column":null}},"13":{"start":{"line":34,"column":23},"end":{"line":59,"column":null}},"14":{"start":{"line":35,"column":8},"end":{"line":35,"column":null}},"15":{"start":{"line":36,"column":8},"end":{"line":36,"column":null}},"16":{"start":{"line":36,"column":38},"end":{"line":36,"column":null}},"17":{"start":{"line":38,"column":24},"end":{"line":38,"column":null}},"18":{"start":{"line":39,"column":28},"end":{"line":39,"column":null}},"19":{"start":{"line":40,"column":8},"end":{"line":40,"column":null}},"20":{"start":{"line":41,"column":8},"end":{"line":41,"column":null}},"21":{"start":{"line":42,"column":8},"end":{"line":42,"column":null}},"22":{"start":{"line":43,"column":8},"end":{"line":43,"column":null}},"23":{"start":{"line":45,"column":8},"end":{"line":58,"column":null}},"24":{"start":{"line":46,"column":29},"end":{"line":46,"column":null}},"25":{"start":{"line":49,"column":12},"end":{"line":51,"column":null}},"26":{"start":{"line":50,"column":16},"end":{"line":50,"column":null}},"27":{"start":{"line":53,"column":12},"end":{"line":53,"column":null}},"28":{"start":{"line":53,"column":32},"end":{"line":53,"column":93}},"29":{"start":{"line":55,"column":12},"end":{"line":55,"column":null}},"30":{"start":{"line":55,"column":32},"end":{"line":55,"column":143}},"31":{"start":{"line":57,"column":12},"end":{"line":57,"column":null}},"32":{"start":{"line":62,"column":27},"end":{"line":79,"column":null}},"33":{"start":{"line":64,"column":8},"end":{"line":67,"column":null}},"34":{"start":{"line":65,"column":12},"end":{"line":65,"column":null}},"35":{"start":{"line":66,"column":12},"end":{"line":66,"column":null}},"36":{"start":{"line":69,"column":8},"end":{"line":69,"column":null}},"37":{"start":{"line":70,"column":8},"end":{"line":78,"column":null}},"38":{"start":{"line":71,"column":28},"end":{"line":71,"column":null}},"39":{"start":{"line":72,"column":12},"end":{"line":72,"column":null}},"40":{"start":{"line":73,"column":12},"end":{"line":73,"column":null}},"41":{"start":{"line":75,"column":12},"end":{"line":75,"column":null}},"42":{"start":{"line":77,"column":12},"end":{"line":77,"column":null}},"43":{"start":{"line":81,"column":24},"end":{"line":97,"column":null}},"44":{"start":{"line":82,"column":8},"end":{"line":82,"column":null}},"45":{"start":{"line":83,"column":8},"end":{"line":96,"column":null}},"46":{"start":{"line":84,"column":12},"end":{"line":84,"column":null}},"47":{"start":{"line":85,"column":12},"end":{"line":85,"column":null}},"48":{"start":{"line":86,"column":12},"end":{"line":91,"column":null}},"49":{"start":{"line":87,"column":16},"end":{"line":87,"column":null}},"50":{"start":{"line":88,"column":16},"end":{"line":88,"column":null}},"51":{"start":{"line":89,"column":16},"end":{"line":89,"column":null}},"52":{"start":{"line":90,"column":16},"end":{"line":90,"column":null}},"53":{"start":{"line":90,"column":36},"end":{"line":90,"column":166}},"54":{"start":{"line":93,"column":12},"end":{"line":93,"column":null}},"55":{"start":{"line":95,"column":12},"end":{"line":95,"column":null}},"56":{"start":{"line":99,"column":4},"end":{"line":294,"column":null}},"57":{"start":{"line":120,"column":43},"end":{"line":120,"column":null}},"58":{"start":{"line":127,"column":32},"end":{"line":131,"column":null}},"59":{"start":{"line":128,"column":36},"end":{"line":128,"column":null}},"60":{"start":{"line":130,"column":36},"end":{"line":130,"column":null}},"61":{"start":{"line":152,"column":32},"end":{"line":159,"column":null}},"62":{"start":{"line":174,"column":47},"end":{"line":174,"column":null}},"63":{"start":{"line":215,"column":53},"end":{"line":215,"column":null}},"64":{"start":{"line":216,"column":48},"end":{"line":216,"column":null}},"65":{"start":{"line":216,"column":80},"end":{"line":216,"column":103}},"66":{"start":{"line":218,"column":36},"end":{"line":259,"column":null}},"67":{"start":{"line":228,"column":52},"end":{"line":246,"column":null}},"68":{"start":{"line":275,"column":36},"end":{"line":275,"column":null}},"69":{"start":{"line":276,"column":36},"end":{"line":276,"column":null}}},"fnMap":{"0":{"name":"AICoach","decl":{"start":{"line":6,"column":24},"end":{"line":6,"column":34}},"loc":{"start":{"line":6,"column":34},"end":{"line":296,"column":null}},"line":6},"1":{"name":"(anonymous_1)","decl":{"start":{"line":27,"column":27},"end":{"line":27,"column":33}},"loc":{"start":{"line":27,"column":33},"end":{"line":29,"column":null}},"line":27},"2":{"name":"(anonymous_2)","decl":{"start":{"line":34,"column":23},"end":{"line":34,"column":30}},"loc":{"start":{"line":34,"column":36},"end":{"line":59,"column":null}},"line":34},"3":{"name":"(anonymous_3)","decl":{"start":{"line":53,"column":24},"end":{"line":53,"column":32}},"loc":{"start":{"line":53,"column":32},"end":{"line":53,"column":93}},"line":53},"4":{"name":"(anonymous_4)","decl":{"start":{"line":55,"column":24},"end":{"line":55,"column":32}},"loc":{"start":{"line":55,"column":32},"end":{"line":55,"column":143}},"line":55},"5":{"name":"(anonymous_5)","decl":{"start":{"line":62,"column":27},"end":{"line":62,"column":39}},"loc":{"start":{"line":62,"column":39},"end":{"line":79,"column":null}},"line":62},"6":{"name":"(anonymous_6)","decl":{"start":{"line":81,"column":24},"end":{"line":81,"column":36}},"loc":{"start":{"line":81,"column":36},"end":{"line":97,"column":null}},"line":81},"7":{"name":"(anonymous_7)","decl":{"start":{"line":86,"column":23},"end":{"line":86,"column":29}},"loc":{"start":{"line":86,"column":29},"end":{"line":91,"column":15}},"line":86},"8":{"name":"(anonymous_8)","decl":{"start":{"line":90,"column":28},"end":{"line":90,"column":36}},"loc":{"start":{"line":90,"column":36},"end":{"line":90,"column":166}},"line":90},"9":{"name":"(anonymous_9)","decl":{"start":{"line":120,"column":37},"end":{"line":120,"column":43}},"loc":{"start":{"line":120,"column":43},"end":{"line":120,"column":null}},"line":120},"10":{"name":"(anonymous_10)","decl":{"start":{"line":126,"column":37},"end":{"line":126,"column":43}},"loc":{"start":{"line":126,"column":43},"end":{"line":132,"column":null}},"line":126},"11":{"name":"(anonymous_11)","decl":{"start":{"line":151,"column":42},"end":{"line":151,"column":43}},"loc":{"start":{"line":152,"column":32},"end":{"line":159,"column":null}},"line":152},"12":{"name":"(anonymous_12)","decl":{"start":{"line":174,"column":42},"end":{"line":174,"column":47}},"loc":{"start":{"line":174,"column":47},"end":{"line":174,"column":null}},"line":174},"13":{"name":"(anonymous_13)","decl":{"start":{"line":214,"column":59},"end":{"line":214,"column":69}},"loc":{"start":{"line":214,"column":69},"end":{"line":261,"column":33}},"line":214},"14":{"name":"(anonymous_14)","decl":{"start":{"line":216,"column":75},"end":{"line":216,"column":80}},"loc":{"start":{"line":216,"column":80},"end":{"line":216,"column":103}},"line":216},"15":{"name":"(anonymous_15)","decl":{"start":{"line":227,"column":67},"end":{"line":227,"column":68}},"loc":{"start":{"line":228,"column":52},"end":{"line":246,"column":null}},"line":228},"16":{"name":"(anonymous_16)","decl":{"start":{"line":274,"column":41},"end":{"line":274,"column":47}},"loc":{"start":{"line":274,"column":47},"end":{"line":277,"column":null}},"line":274}},"branchMap":{"0":{"loc":{"start":{"line":36,"column":8},"end":{"line":36,"column":null}},"type":"if","locations":[{"start":{"line":36,"column":8},"end":{"line":36,"column":null}},{"start":{},"end":{}}],"line":36},"1":{"loc":{"start":{"line":36,"column":12},"end":{"line":36,"column":38}},"type":"binary-expr","locations":[{"start":{"line":36,"column":12},"end":{"line":36,"column":29}},{"start":{"line":36,"column":29},"end":{"line":36,"column":38}}],"line":36},"2":{"loc":{"start":{"line":49,"column":12},"end":{"line":51,"column":null}},"type":"if","locations":[{"start":{"line":49,"column":12},"end":{"line":51,"column":null}},{"start":{},"end":{}}],"line":49},"3":{"loc":{"start":{"line":64,"column":8},"end":{"line":67,"column":null}},"type":"if","locations":[{"start":{"line":64,"column":8},"end":{"line":67,"column":null}},{"start":{},"end":{}}],"line":64},"4":{"loc":{"start":{"line":117,"column":17},"end":{"line":140,"column":null}},"type":"binary-expr","locations":[{"start":{"line":117,"column":17},"end":{"line":117,"column":null}},{"start":{"line":118,"column":20},"end":{"line":140,"column":null}}],"line":117},"5":{"loc":{"start":{"line":121,"column":123},"end":{"line":121,"column":212}},"type":"cond-expr","locations":[{"start":{"line":121,"column":141},"end":{"line":121,"column":180}},{"start":{"line":121,"column":180},"end":{"line":121,"column":212}}],"line":121},"6":{"loc":{"start":{"line":127,"column":32},"end":{"line":131,"column":null}},"type":"if","locations":[{"start":{"line":127,"column":32},"end":{"line":131,"column":null}},{"start":{"line":129,"column":39},"end":{"line":131,"column":null}}],"line":127},"7":{"loc":{"start":{"line":133,"column":132},"end":{"line":133,"column":225}},"type":"cond-expr","locations":[{"start":{"line":133,"column":154},"end":{"line":133,"column":193}},{"start":{"line":133,"column":193},"end":{"line":133,"column":225}}],"line":133},"8":{"loc":{"start":{"line":135,"column":29},"end":{"line":136,"column":null}},"type":"binary-expr","locations":[{"start":{"line":135,"column":29},"end":{"line":135,"column":null}},{"start":{"line":136,"column":32},"end":{"line":136,"column":null}}],"line":135},"9":{"loc":{"start":{"line":148,"column":17},"end":{"line":182,"column":null}},"type":"binary-expr","locations":[{"start":{"line":148,"column":17},"end":{"line":148,"column":null}},{"start":{"line":149,"column":20},"end":{"line":182,"column":null}}],"line":148},"10":{"loc":{"start":{"line":152,"column":73},"end":{"line":152,"column":122}},"type":"cond-expr","locations":[{"start":{"line":152,"column":95},"end":{"line":152,"column":109}},{"start":{"line":152,"column":109},"end":{"line":152,"column":122}}],"line":152},"11":{"loc":{"start":{"line":153,"column":107},"end":{"line":155,"column":null}},"type":"cond-expr","locations":[{"start":{"line":154,"column":42},"end":{"line":154,"column":null}},{"start":{"line":155,"column":42},"end":{"line":155,"column":null}}],"line":153},"12":{"loc":{"start":{"line":161,"column":29},"end":{"line":166,"column":null}},"type":"binary-expr","locations":[{"start":{"line":161,"column":29},"end":{"line":161,"column":null}},{"start":{"line":162,"column":32},"end":{"line":166,"column":null}}],"line":161},"13":{"loc":{"start":{"line":186,"column":17},"end":{"line":202,"column":null}},"type":"binary-expr","locations":[{"start":{"line":186,"column":17},"end":{"line":186,"column":null}},{"start":{"line":187,"column":20},"end":{"line":202,"column":null}}],"line":186},"14":{"loc":{"start":{"line":199,"column":29},"end":{"line":199,"column":null}},"type":"cond-expr","locations":[{"start":{"line":199,"column":39},"end":{"line":199,"column":78}},{"start":{"line":199,"column":78},"end":{"line":199,"column":null}}],"line":199},"15":{"loc":{"start":{"line":200,"column":29},"end":{"line":200,"column":null}},"type":"cond-expr","locations":[{"start":{"line":200,"column":39},"end":{"line":200,"column":57}},{"start":{"line":200,"column":57},"end":{"line":200,"column":null}}],"line":200},"16":{"loc":{"start":{"line":206,"column":17},"end":{"line":291,"column":null}},"type":"binary-expr","locations":[{"start":{"line":206,"column":17},"end":{"line":206,"column":null}},{"start":{"line":207,"column":20},"end":{"line":291,"column":null}}],"line":206},"17":{"loc":{"start":{"line":218,"column":43},"end":{"line":259,"column":null}},"type":"cond-expr","locations":[{"start":{"line":219,"column":40},"end":{"line":249,"column":null}},{"start":{"line":251,"column":40},"end":{"line":259,"column":null}}],"line":218},"18":{"loc":{"start":{"line":238,"column":164},"end":{"line":238,"column":189}},"type":"binary-expr","locations":[{"start":{"line":238,"column":164},"end":{"line":238,"column":184}},{"start":{"line":238,"column":184},"end":{"line":238,"column":189}}],"line":238},"19":{"loc":{"start":{"line":241,"column":57},"end":{"line":244,"column":null}},"type":"binary-expr","locations":[{"start":{"line":241,"column":57},"end":{"line":241,"column":null}},{"start":{"line":242,"column":60},"end":{"line":244,"column":null}}],"line":241},"20":{"loc":{"start":{"line":265,"column":29},"end":{"line":271,"column":null}},"type":"binary-expr","locations":[{"start":{"line":265,"column":29},"end":{"line":265,"column":null}},{"start":{"line":266,"column":32},"end":{"line":271,"column":null}}],"line":265},"21":{"loc":{"start":{"line":287,"column":33},"end":{"line":287,"column":null}},"type":"cond-expr","locations":[{"start":{"line":287,"column":49},"end":{"line":287,"column":88}},{"start":{"line":287,"column":88},"end":{"line":287,"column":null}}],"line":287},"22":{"loc":{"start":{"line":288,"column":33},"end":{"line":288,"column":null}},"type":"cond-expr","locations":[{"start":{"line":288,"column":49},"end":{"line":288,"column":70}},{"start":{"line":288,"column":70},"end":{"line":288,"column":null}}],"line":288}},"s":{"0":18,"1":18,"2":18,"3":18,"4":18,"5":18,"6":18,"7":18,"8":18,"9":18,"10":18,"11":9,"12":18,"13":18,"14":2,"15":2,"16":0,"17":2,"18":2,"19":2,"20":2,"21":2,"22":2,"23":2,"24":2,"25":1,"26":0,"27":1,"28":1,"29":1,"30":1,"31":2,"32":18,"33":2,"34":0,"35":0,"36":2,"37":2,"38":2,"39":1,"40":1,"41":1,"42":2,"43":18,"44":0,"45":0,"46":0,"47":0,"48":0,"49":0,"50":0,"51":0,"52":0,"53":0,"54":0,"55":0,"56":18,"57":0,"58":2,"59":0,"60":2,"61":18,"62":2,"63":7,"64":7,"65":0,"66":7,"67":0,"68":1,"69":1},"f":{"0":18,"1":9,"2":2,"3":1,"4":1,"5":2,"6":0,"7":0,"8":0,"9":0,"10":2,"11":18,"12":2,"13":7,"14":0,"15":0,"16":1},"b":{"0":[0,2],"1":[2,2],"2":[0,1],"3":[0,2],"4":[18,17],"5":[12,5],"6":[0,2],"7":[5,12],"8":[17,0],"9":[18,12],"10":[4,14],"11":[4,14],"12":[12,2],"13":[18,5],"14":[2,3],"15":[2,3],"16":[18,1],"17":[0,7],"18":[0,0],"19":[0,0],"20":[1,0],"21":[0,1],"22":[0,1]},"meta":{"lastBranch":23,"lastFunction":17,"lastStatement":70,"seen":{"f:6:24:6:34":0,"s:7:17:7:Infinity":0,"s:8:24:8:Infinity":1,"s:9:32:11:Infinity":2,"s:12:26:12:Infinity":3,"s:13:30:13:Infinity":4,"s:14:48:14:Infinity":5,"s:15:42:15:Infinity":6,"s:16:38:16:Infinity":7,"s:17:10:17:Infinity":8,"s:20:30:25:Infinity":9,"s:27:27:29:Infinity":10,"f:27:27:27:33":1,"s:28:8:28:Infinity":11,"s:31:4:31:Infinity":12,"s:34:23:59:Infinity":13,"f:34:23:34:30":2,"s:35:8:35:Infinity":14,"b:36:8:36:Infinity:undefined:undefined:undefined:undefined":0,"s:36:8:36:Infinity":15,"b:36:12:36:29:36:29:36:38":1,"s:36:38:36:Infinity":16,"s:38:24:38:Infinity":17,"s:39:28:39:Infinity":18,"s:40:8:40:Infinity":19,"s:41:8:41:Infinity":20,"s:42:8:42:Infinity":21,"s:43:8:43:Infinity":22,"s:45:8:58:Infinity":23,"s:46:29:46:Infinity":24,"b:49:12:51:Infinity:undefined:undefined:undefined:undefined":2,"s:49:12:51:Infinity":25,"s:50:16:50:Infinity":26,"s:53:12:53:Infinity":27,"f:53:24:53:32":3,"s:53:32:53:93":28,"s:55:12:55:Infinity":29,"f:55:24:55:32":4,"s:55:32:55:143":30,"s:57:12:57:Infinity":31,"s:62:27:79:Infinity":32,"f:62:27:62:39":5,"b:64:8:67:Infinity:undefined:undefined:undefined:undefined":3,"s:64:8:67:Infinity":33,"s:65:12:65:Infinity":34,"s:66:12:66:Infinity":35,"s:69:8:69:Infinity":36,"s:70:8:78:Infinity":37,"s:71:28:71:Infinity":38,"s:72:12:72:Infinity":39,"s:73:12:73:Infinity":40,"s:75:12:75:Infinity":41,"s:77:12:77:Infinity":42,"s:81:24:97:Infinity":43,"f:81:24:81:36":6,"s:82:8:82:Infinity":44,"s:83:8:96:Infinity":45,"s:84:12:84:Infinity":46,"s:85:12:85:Infinity":47,"s:86:12:91:Infinity":48,"f:86:23:86:29":7,"s:87:16:87:Infinity":49,"s:88:16:88:Infinity":50,"s:89:16:89:Infinity":51,"s:90:16:90:Infinity":52,"f:90:28:90:36":8,"s:90:36:90:166":53,"s:93:12:93:Infinity":54,"s:95:12:95:Infinity":55,"s:99:4:294:Infinity":56,"b:117:17:117:Infinity:118:20:140:Infinity":4,"f:120:37:120:43":9,"s:120:43:120:Infinity":57,"b:121:141:121:180:121:180:121:212":5,"f:126:37:126:43":10,"b:127:32:131:Infinity:129:39:131:Infinity":6,"s:127:32:131:Infinity":58,"s:128:36:128:Infinity":59,"s:130:36:130:Infinity":60,"b:133:154:133:193:133:193:133:225":7,"b:135:29:135:Infinity:136:32:136:Infinity":8,"b:148:17:148:Infinity:149:20:182:Infinity":9,"f:151:42:151:43":11,"s:152:32:159:Infinity":61,"b:152:95:152:109:152:109:152:122":10,"b:154:42:154:Infinity:155:42:155:Infinity":11,"b:161:29:161:Infinity:162:32:166:Infinity":12,"f:174:42:174:47":12,"s:174:47:174:Infinity":62,"b:186:17:186:Infinity:187:20:202:Infinity":13,"b:199:39:199:78:199:78:199:Infinity":14,"b:200:39:200:57:200:57:200:Infinity":15,"b:206:17:206:Infinity:207:20:291:Infinity":16,"f:214:59:214:69":13,"s:215:53:215:Infinity":63,"s:216:48:216:Infinity":64,"f:216:75:216:80":14,"s:216:80:216:103":65,"s:218:36:259:Infinity":66,"b:219:40:249:Infinity:251:40:259:Infinity":17,"f:227:67:227:68":15,"s:228:52:246:Infinity":67,"b:238:164:238:184:238:184:238:189":18,"b:241:57:241:Infinity:242:60:244:Infinity":19,"b:265:29:265:Infinity:266:32:271:Infinity":20,"f:274:41:274:47":16,"s:275:36:275:Infinity":68,"s:276:36:276:Infinity":69,"b:287:49:287:88:287:88:287:Infinity":21,"b:288:49:288:70:288:70:288:Infinity":22}}}
,"C:\\Users\\david\\OneDrive\\Escritorio\\gymai-proyecto\\frontend\\ai-gym-trainer\\src\\pages\\Dashboard.jsx": {"path":"C:\\Users\\david\\OneDrive\\Escritorio\\gymai-proyecto\\frontend\\ai-gym-trainer\\src\\pages\\Dashboard.jsx","statementMap":{"0":{"start":{"line":9,"column":17},"end":{"line":9,"column":null}},"1":{"start":{"line":10,"column":26},"end":{"line":15,"column":null}},"2":{"start":{"line":17,"column":4},"end":{"line":19,"column":null}},"3":{"start":{"line":18,"column":8},"end":{"line":18,"column":null}},"4":{"start":{"line":18,"column":18},"end":{"line":18,"column":null}},"5":{"start":{"line":21,"column":23},"end":{"line":54,"column":null}},"6":{"start":{"line":22,"column":8},"end":{"line":53,"column":null}},"7":{"start":{"line":23,"column":46},"end":{"line":27,"column":null}},"8":{"start":{"line":29,"column":12},"end":{"line":29,"column":null}},"9":{"start":{"line":29,"column":23},"end":{"line":29,"column":null}},"10":{"start":{"line":31,"column":24},"end":{"line":31,"column":null}},"11":{"start":{"line":34,"column":29},"end":{"line":34,"column":null}},"12":{"start":{"line":35,"column":30},"end":{"line":35,"column":null}},"13":{"start":{"line":36,"column":33},"end":{"line":36,"column":null}},"14":{"start":{"line":37,"column":32},"end":{"line":37,"column":null}},"15":{"start":{"line":38,"column":12},"end":{"line":38,"column":null}},"16":{"start":{"line":41,"column":40},"end":{"line":41,"column":null}},"17":{"start":{"line":41,"column":61},"end":{"line":41,"column":98}},"18":{"start":{"line":42,"column":39},"end":{"line":42,"column":null}},"19":{"start":{"line":42,"column":76},"end":{"line":42,"column":113}},"20":{"start":{"line":44,"column":12},"end":{"line":49,"column":null}},"21":{"start":{"line":51,"column":12},"end":{"line":51,"column":null}},"22":{"start":{"line":52,"column":12},"end":{"line":52,"column":null}},"23":{"start":{"line":52,"column":30},"end":{"line":52,"column":58}},"24":{"start":{"line":57,"column":36},"end":{"line":81,"column":null}},"25":{"start":{"line":58,"column":21},"end":{"line":58,"column":null}},"26":{"start":{"line":59,"column":22},"end":{"line":59,"column":null}},"27":{"start":{"line":60,"column":27},"end":{"line":60,"column":null}},"28":{"start":{"line":62,"column":8},"end":{"line":79,"column":null}},"29":{"start":{"line":62,"column":21},"end":{"line":62,"column":27}},"30":{"start":{"line":63,"column":31},"end":{"line":63,"column":null}},"31":{"start":{"line":64,"column":12},"end":{"line":64,"column":null}},"32":{"start":{"line":65,"column":30},"end":{"line":65,"column":null}},"33":{"start":{"line":67,"column":35},"end":{"line":67,"column":null}},"34":{"start":{"line":67,"column":54},"end":{"line":67,"column":105}},"35":{"start":{"line":69,"column":12},"end":{"line":73,"column":null}},"36":{"start":{"line":70,"column":16},"end":{"line":70,"column":null}},"37":{"start":{"line":72,"column":16},"end":{"line":72,"column":null}},"38":{"start":{"line":75,"column":12},"end":{"line":78,"column":null}},"39":{"start":{"line":80,"column":8},"end":{"line":80,"column":null}},"40":{"start":{"line":83,"column":4},"end":{"line":90,"column":null}},"41":{"start":{"line":84,"column":8},"end":{"line":88,"column":null}},"42":{"start":{"line":92,"column":4},"end":{"line":224,"column":null}}},"fnMap":{"0":{"name":"Dashboard","decl":{"start":{"line":8,"column":24},"end":{"line":8,"column":36}},"loc":{"start":{"line":8,"column":36},"end":{"line":226,"column":null}},"line":8},"1":{"name":"(anonymous_1)","decl":{"start":{"line":17,"column":14},"end":{"line":17,"column":20}},"loc":{"start":{"line":17,"column":20},"end":{"line":19,"column":7}},"line":17},"2":{"name":"(anonymous_2)","decl":{"start":{"line":21,"column":23},"end":{"line":21,"column":35}},"loc":{"start":{"line":21,"column":35},"end":{"line":54,"column":null}},"line":21},"3":{"name":"(anonymous_3)","decl":{"start":{"line":41,"column":56},"end":{"line":41,"column":61}},"loc":{"start":{"line":41,"column":61},"end":{"line":41,"column":98}},"line":41},"4":{"name":"(anonymous_4)","decl":{"start":{"line":42,"column":71},"end":{"line":42,"column":76}},"loc":{"start":{"line":42,"column":76},"end":{"line":42,"column":113}},"line":42},"5":{"name":"(anonymous_5)","decl":{"start":{"line":52,"column":21},"end":{"line":52,"column":30}},"loc":{"start":{"line":52,"column":30},"end":{"line":52,"column":58}},"line":52},"6":{"name":"(anonymous_6)","decl":{"start":{"line":57,"column":36},"end":{"line":57,"column":37}},"loc":{"start":{"line":57,"column":50},"end":{"line":81,"column":null}},"line":57},"7":{"name":"(anonymous_7)","decl":{"start":{"line":67,"column":49},"end":{"line":67,"column":54}},"loc":{"start":{"line":67,"column":54},"end":{"line":67,"column":105}},"line":67}},"branchMap":{"0":{"loc":{"start":{"line":18,"column":8},"end":{"line":18,"column":null}},"type":"if","locations":[{"start":{"line":18,"column":8},"end":{"line":18,"column":null}},{"start":{},"end":{}}],"line":18},"1":{"loc":{"start":{"line":29,"column":12},"end":{"line":29,"column":null}},"type":"if","locations":[{"start":{"line":29,"column":12},"end":{"line":29,"column":null}},{"start":{},"end":{}}],"line":29},"2":{"loc":{"start":{"line":36,"column":67},"end":{"line":36,"column":null}},"type":"cond-expr","locations":[{"start":{"line":36,"column":85},"end":{"line":36,"column":90}},{"start":{"line":36,"column":90},"end":{"line":36,"column":null}}],"line":36},"3":{"loc":{"start":{"line":69,"column":12},"end":{"line":73,"column":null}},"type":"if","locations":[{"start":{"line":69,"column":12},"end":{"line":73,"column":null}},{"start":{"line":71,"column":19},"end":{"line":73,"column":null}}],"line":69},"4":{"loc":{"start":{"line":83,"column":4},"end":{"line":90,"column":null}},"type":"if","locations":[{"start":{"line":83,"column":4},"end":{"line":90,"column":null}},{"start":{},"end":{}}],"line":83}},"s":{"0":5,"1":5,"2":5,"3":2,"4":2,"5":5,"6":2,"7":2,"8":1,"9":0,"10":1,"11":1,"12":1,"13":1,"14":2,"15":2,"16":2,"17":2,"18":2,"19":2,"20":2,"21":1,"22":1,"23":1,"24":5,"25":1,"26":1,"27":1,"28":1,"29":1,"30":8,"31":8,"32":8,"33":8,"34":15,"35":8,"36":1,"37":7,"38":8,"39":8,"40":5,"41":2,"42":2},"f":{"0":5,"1":2,"2":2,"3":2,"4":2,"5":1,"6":1,"7":15},"b":{"0":[2,0],"1":[0,1],"2":[0,1],"3":[1,7],"4":[2,3]},"meta":{"lastBranch":5,"lastFunction":8,"lastStatement":43,"seen":{"f:8:24:8:36":0,"s:9:17:9:Infinity":0,"s:10:26:15:Infinity":1,"s:17:4:19:Infinity":2,"f:17:14:17:20":1,"b:18:8:18:Infinity:undefined:undefined:undefined:undefined":0,"s:18:8:18:Infinity":3,"s:18:18:18:Infinity":4,"s:21:23:54:Infinity":5,"f:21:23:21:35":2,"s:22:8:53:Infinity":6,"s:23:46:27:Infinity":7,"b:29:12:29:Infinity:undefined:undefined:undefined:undefined":1,"s:29:12:29:Infinity":8,"s:29:23:29:Infinity":9,"s:31:24:31:Infinity":10,"s:34:29:34:Infinity":11,"s:35:30:35:Infinity":12,"s:36:33:36:Infinity":13,"b:36:85:36:90:36:90:36:Infinity":2,"s:37:32:37:Infinity":14,"s:38:12:38:Infinity":15,"s:41:40:41:Infinity":16,"f:41:56:41:61":3,"s:41:61:41:98":17,"s:42:39:42:Infinity":18,"f:42:71:42:76":4,"s:42:76:42:113":19,"s:44:12:49:Infinity":20,"s:51:12:51:Infinity":21,"s:52:12:52:Infinity":22,"f:52:21:52:30":5,"s:52:30:52:58":23,"s:57:36:81:Infinity":24,"f:57:36:57:37":6,"s:58:21:58:Infinity":25,"s:59:22:59:Infinity":26,"s:60:27:60:Infinity":27,"s:62:8:79:Infinity":28,"s:62:21:62:27":29,"s:63:31:63:Infinity":30,"s:64:12:64:Infinity":31,"s:65:30:65:Infinity":32,"s:67:35:67:Infinity":33,"f:67:49:67:54":7,"s:67:54:67:105":34,"b:69:12:73:Infinity:71:19:73:Infinity":3,"s:69:12:73:Infinity":35,"s:70:16:70:Infinity":36,"s:72:16:72:Infinity":37,"s:75:12:78:Infinity":38,"s:80:8:80:Infinity":39,"b:83:4:90:Infinity:undefined:undefined:undefined:undefined":4,"s:83:4:90:Infinity":40,"s:84:8:88:Infinity":41,"s:92:4:224:Infinity":42}}}
,"C:\\Users\\david\\OneDrive\\Escritorio\\gymai-proyecto\\frontend\\ai-gym-trainer\\src\\pages\\Exercises.jsx": {"path":"C:\\Users\\david\\OneDrive\\Escritorio\\gymai-proyecto\\frontend\\ai-gym-trainer\\src\\pages\\Exercises.jsx","statementMap":{"0":{"start":{"line":10,"column":17},"end":{"line":10,"column":null}},"1":{"start":{"line":11,"column":34},"end":{"line":11,"column":null}},"2":{"start":{"line":12,"column":36},"end":{"line":12,"column":null}},"3":{"start":{"line":13,"column":30},"end":{"line":13,"column":null}},"4":{"start":{"line":14,"column":34},"end":{"line":14,"column":null}},"5":{"start":{"line":15,"column":32},"end":{"line":15,"column":null}},"6":{"start":{"line":16,"column":46},"end":{"line":16,"column":null}},"7":{"start":{"line":19,"column":38},"end":{"line":19,"column":null}},"8":{"start":{"line":21,"column":32},"end":{"line":27,"column":null}},"9":{"start":{"line":30,"column":4},"end":{"line":37,"column":null}},"10":{"start":{"line":31,"column":8},"end":{"line":36,"column":null}},"11":{"start":{"line":32,"column":18},"end":{"line":32,"column":null}},"12":{"start":{"line":33,"column":12},"end":{"line":35,"column":null}},"13":{"start":{"line":34,"column":16},"end":{"line":34,"column":null}},"14":{"start":{"line":34,"column":37},"end":{"line":34,"column":84}},"15":{"start":{"line":40,"column":36},"end":{"line":40,"column":null}},"16":{"start":{"line":43,"column":27},"end":{"line":59,"column":null}},"17":{"start":{"line":44,"column":8},"end":{"line":58,"column":null}},"18":{"start":{"line":45,"column":12},"end":{"line":45,"column":null}},"19":{"start":{"line":46,"column":36},"end":{"line":50,"column":null}},"20":{"start":{"line":52,"column":12},"end":{"line":52,"column":null}},"21":{"start":{"line":52,"column":23},"end":{"line":52,"column":null}},"22":{"start":{"line":53,"column":12},"end":{"line":53,"column":null}},"23":{"start":{"line":55,"column":12},"end":{"line":55,"column":null}},"24":{"start":{"line":57,"column":12},"end":{"line":57,"column":null}},"25":{"start":{"line":61,"column":4},"end":{"line":63,"column":null}},"26":{"start":{"line":62,"column":8},"end":{"line":62,"column":null}},"27":{"start":{"line":62,"column":18},"end":{"line":62,"column":null}},"28":{"start":{"line":66,"column":30},"end":{"line":70,"column":null}},"29":{"start":{"line":67,"column":8},"end":{"line":69,"column":null}},"30":{"start":{"line":73,"column":25},"end":{"line":105,"column":null}},"31":{"start":{"line":74,"column":8},"end":{"line":74,"column":null}},"32":{"start":{"line":75,"column":8},"end":{"line":75,"column":null}},"33":{"start":{"line":77,"column":8},"end":{"line":104,"column":null}},"34":{"start":{"line":78,"column":12},"end":{"line":94,"column":null}},"35":{"start":{"line":80,"column":34},"end":{"line":84,"column":null}},"36":{"start":{"line":86,"column":16},"end":{"line":86,"column":null}},"37":{"start":{"line":86,"column":27},"end":{"line":86,"column":null}},"38":{"start":{"line":89,"column":34},"end":{"line":91,"column":null}},"39":{"start":{"line":93,"column":16},"end":{"line":93,"column":null}},"40":{"start":{"line":93,"column":27},"end":{"line":93,"column":null}},"41":{"start":{"line":96,"column":12},"end":{"line":96,"column":null}},"42":{"start":{"line":97,"column":12},"end":{"line":97,"column":null}},"43":{"start":{"line":98,"column":12},"end":{"line":98,"column":null}},"44":{"start":{"line":99,"column":12},"end":{"line":99,"column":null}},"45":{"start":{"line":101,"column":12},"end":{"line":101,"column":null}},"46":{"start":{"line":103,"column":12},"end":{"line":103,"column":null}},"47":{"start":{"line":108,"column":23},"end":{"line":118,"column":null}},"48":{"start":{"line":109,"column":8},"end":{"line":109,"column":null}},"49":{"start":{"line":110,"column":8},"end":{"line":116,"column":null}},"50":{"start":{"line":117,"column":8},"end":{"line":117,"column":null}},"51":{"start":{"line":120,"column":25},"end":{"line":130,"column":null}},"52":{"start":{"line":121,"column":8},"end":{"line":121,"column":null}},"53":{"start":{"line":121,"column":29},"end":{"line":121,"column":null}},"54":{"start":{"line":122,"column":8},"end":{"line":129,"column":null}},"55":{"start":{"line":123,"column":30},"end":{"line":123,"column":null}},"56":{"start":{"line":124,"column":12},"end":{"line":124,"column":null}},"57":{"start":{"line":124,"column":23},"end":{"line":124,"column":null}},"58":{"start":{"line":125,"column":12},"end":{"line":125,"column":null}},"59":{"start":{"line":125,"column":48},"end":{"line":125,"column":72}},"60":{"start":{"line":126,"column":12},"end":{"line":126,"column":null}},"61":{"start":{"line":128,"column":12},"end":{"line":128,"column":null}},"62":{"start":{"line":132,"column":4},"end":{"line":388,"column":null}},"63":{"start":{"line":136,"column":31},"end":{"line":136,"column":null}},"64":{"start":{"line":149,"column":35},"end":{"line":149,"column":null}},"65":{"start":{"line":167,"column":45},"end":{"line":167,"column":null}},"66":{"start":{"line":179,"column":24},"end":{"line":179,"column":null}},"67":{"start":{"line":192,"column":24},"end":{"line":242,"column":null}},"68":{"start":{"line":202,"column":59},"end":{"line":202,"column":null}},"69":{"start":{"line":209,"column":59},"end":{"line":209,"column":null}},"70":{"start":{"line":230,"column":57},"end":{"line":230,"column":null}},"71":{"start":{"line":231,"column":40},"end":{"line":235,"column":null}},"72":{"start":{"line":259,"column":44},"end":{"line":276,"column":null}},"73":{"start":{"line":267,"column":67},"end":{"line":271,"column":null}},"74":{"start":{"line":290,"column":47},"end":{"line":290,"column":68}},"75":{"start":{"line":319,"column":55},"end":{"line":319,"column":null}},"76":{"start":{"line":331,"column":59},"end":{"line":331,"column":null}},"77":{"start":{"line":340,"column":59},"end":{"line":340,"column":null}},"78":{"start":{"line":351,"column":55},"end":{"line":351,"column":null}},"79":{"start":{"line":361,"column":55},"end":{"line":361,"column":null}},"80":{"start":{"line":381,"column":31},"end":{"line":381,"column":null}}},"fnMap":{"0":{"name":"Exercises","decl":{"start":{"line":9,"column":24},"end":{"line":9,"column":36}},"loc":{"start":{"line":9,"column":36},"end":{"line":390,"column":null}},"line":9},"1":{"name":"(anonymous_1)","decl":{"start":{"line":30,"column":14},"end":{"line":30,"column":20}},"loc":{"start":{"line":30,"column":20},"end":{"line":37,"column":7}},"line":30},"2":{"name":"(anonymous_2)","decl":{"start":{"line":34,"column":28},"end":{"line":34,"column":37}},"loc":{"start":{"line":34,"column":37},"end":{"line":34,"column":84}},"line":34},"3":{"name":"(anonymous_3)","decl":{"start":{"line":43,"column":27},"end":{"line":43,"column":39}},"loc":{"start":{"line":43,"column":39},"end":{"line":59,"column":null}},"line":43},"4":{"name":"(anonymous_4)","decl":{"start":{"line":61,"column":14},"end":{"line":61,"column":20}},"loc":{"start":{"line":61,"column":20},"end":{"line":63,"column":7}},"line":61},"5":{"name":"(anonymous_5)","decl":{"start":{"line":66,"column":47},"end":{"line":66,"column":null}},"loc":{"start":{"line":67,"column":8},"end":{"line":69,"column":null}},"line":67},"6":{"name":"(anonymous_6)","decl":{"start":{"line":73,"column":25},"end":{"line":73,"column":32}},"loc":{"start":{"line":73,"column":38},"end":{"line":105,"column":null}},"line":73},"7":{"name":"(anonymous_7)","decl":{"start":{"line":108,"column":23},"end":{"line":108,"column":24}},"loc":{"start":{"line":108,"column":37},"end":{"line":118,"column":null}},"line":108},"8":{"name":"(anonymous_8)","decl":{"start":{"line":120,"column":25},"end":{"line":120,"column":37}},"loc":{"start":{"line":120,"column":37},"end":{"line":130,"column":null}},"line":120},"9":{"name":"(anonymous_9)","decl":{"start":{"line":125,"column":42},"end":{"line":125,"column":48}},"loc":{"start":{"line":125,"column":48},"end":{"line":125,"column":72}},"line":125},"10":{"name":"(anonymous_10)","decl":{"start":{"line":136,"column":25},"end":{"line":136,"column":31}},"loc":{"start":{"line":136,"column":31},"end":{"line":136,"column":null}},"line":136},"11":{"name":"(anonymous_11)","decl":{"start":{"line":149,"column":29},"end":{"line":149,"column":35}},"loc":{"start":{"line":149,"column":35},"end":{"line":149,"column":null}},"line":149},"12":{"name":"(anonymous_12)","decl":{"start":{"line":167,"column":38},"end":{"line":167,"column":39}},"loc":{"start":{"line":167,"column":45},"end":{"line":167,"column":null}},"line":167},"13":{"name":"(anonymous_13)","decl":{"start":{"line":178,"column":44},"end":{"line":178,"column":null}},"loc":{"start":{"line":179,"column":24},"end":{"line":179,"column":null}},"line":179},"14":{"name":"(anonymous_14)","decl":{"start":{"line":191,"column":43},"end":{"line":191,"column":null}},"loc":{"start":{"line":192,"column":24},"end":{"line":242,"column":null}},"line":192},"15":{"name":"(anonymous_15)","decl":{"start":{"line":202,"column":53},"end":{"line":202,"column":59}},"loc":{"start":{"line":202,"column":59},"end":{"line":202,"column":null}},"line":202},"16":{"name":"(anonymous_16)","decl":{"start":{"line":209,"column":53},"end":{"line":209,"column":59}},"loc":{"start":{"line":209,"column":59},"end":{"line":209,"column":null}},"line":209},"17":{"name":"(anonymous_17)","decl":{"start":{"line":229,"column":45},"end":{"line":229,"column":51}},"loc":{"start":{"line":229,"column":51},"end":{"line":236,"column":null}},"line":229},"18":{"name":"(anonymous_18)","decl":{"start":{"line":258,"column":79},"end":{"line":258,"column":80}},"loc":{"start":{"line":259,"column":44},"end":{"line":276,"column":null}},"line":259},"19":{"name":"(anonymous_19)","decl":{"start":{"line":267,"column":61},"end":{"line":267,"column":67}},"loc":{"start":{"line":267,"column":67},"end":{"line":271,"column":null}},"line":267},"20":{"name":"(anonymous_20)","decl":{"start":{"line":290,"column":41},"end":{"line":290,"column":47}},"loc":{"start":{"line":290,"column":47},"end":{"line":290,"column":68}},"line":290},"21":{"name":"(anonymous_21)","decl":{"start":{"line":319,"column":50},"end":{"line":319,"column":55}},"loc":{"start":{"line":319,"column":55},"end":{"line":319,"column":null}},"line":319},"22":{"name":"(anonymous_22)","decl":{"start":{"line":331,"column":54},"end":{"line":331,"column":59}},"loc":{"start":{"line":331,"column":59},"end":{"line":331,"column":null}},"line":331},"23":{"name":"(anonymous_23)","decl":{"start":{"line":340,"column":54},"end":{"line":340,"column":59}},"loc":{"start":{"line":340,"column":59},"end":{"line":340,"column":null}},"line":340},"24":{"name":"(anonymous_24)","decl":{"start":{"line":351,"column":50},"end":{"line":351,"column":55}},"loc":{"start":{"line":351,"column":55},"end":{"line":351,"column":null}},"line":351},"25":{"name":"(anonymous_25)","decl":{"start":{"line":361,"column":50},"end":{"line":361,"column":55}},"loc":{"start":{"line":361,"column":55},"end":{"line":361,"column":null}},"line":361},"26":{"name":"(anonymous_26)","decl":{"start":{"line":381,"column":25},"end":{"line":3
[...]
,"end":{"line":64,"column":null}},"line":43},"7":{"name":"(anonymous_7)","decl":{"start":{"line":52,"column":55},"end":{"line":52,"column":60}},"loc":{"start":{"line":52,"column":60},"end":{"line":52,"column":96}},"line":52},"8":{"name":"(anonymous_8)","decl":{"start":{"line":66,"column":30},"end":{"line":66,"column":31}},"loc":{"start":{"line":66,"column":39},"end":{"line":81,"column":null}},"line":66},"9":{"name":"(anonymous_9)","decl":{"start":{"line":69,"column":54},"end":{"line":69,"column":61}},"loc":{"start":{"line":69,"column":61},"end":{"line":79,"column":10}},"line":69},"10":{"name":"(anonymous_10)","decl":{"start":{"line":74,"column":59},"end":{"line":74,"column":66}},"loc":{"start":{"line":74,"column":66},"end":{"line":78,"column":14}},"line":74},"11":{"name":"(anonymous_11)","decl":{"start":{"line":83,"column":22},"end":{"line":83,"column":23}},"loc":{"start":{"line":83,"column":65},"end":{"line":87,"column":null}},"line":83},"12":{"name":"(anonymous_12)","decl":{"start":{"line":89,"column":22},"end":{"line":89,"column":23}},"loc":{"start":{"line":89,"column":48},"end":{"line":93,"column":null}},"line":89},"13":{"name":"(anonymous_13)","decl":{"start":{"line":95,"column":27},"end":{"line":95,"column":28}},"loc":{"start":{"line":95,"column":56},"end":{"line":99,"column":null}},"line":95},"14":{"name":"(anonymous_14)","decl":{"start":{"line":101,"column":28},"end":{"line":101,"column":35}},"loc":{"start":{"line":101,"column":60},"end":{"line":120,"column":null}},"line":101},"15":{"name":"(anonymous_15)","decl":{"start":{"line":129,"column":25},"end":{"line":129,"column":31}},"loc":{"start":{"line":129,"column":31},"end":{"line":129,"column":null}},"line":129},"16":{"name":"(anonymous_16)","decl":{"start":{"line":140,"column":26},"end":{"line":140,"column":32}},"loc":{"start":{"line":140,"column":32},"end":{"line":146,"column":27}},"line":140},"17":{"name":"(anonymous_17)","decl":{"start":{"line":160,"column":33},"end":{"line":160,"column":34}},"loc":{"start":{"line":161,"column":20},"end":{"line":241,"column":null}},"line":161},"18":{"name":"(anonymous_18)","decl":{"start":{"line":168,"column":41},"end":{"line":168,"column":47}},"loc":{"start":{"line":168,"column":47},"end":{"line":172,"column":null}},"line":168},"19":{"name":"(anonymous_19)","decl":{"start":{"line":187,"column":41},"end":{"line":187,"column":42}},"loc":{"start":{"line":188,"column":32},"end":{"line":214,"column":null}},"line":188},"20":{"name":"(anonymous_20)","decl":{"start":{"line":194,"column":54},"end":{"line":194,"column":55}},"loc":{"start":{"line":194,"column":61},"end":{"line":194,"column":null}},"line":194},"21":{"name":"(anonymous_21)","decl":{"start":{"line":202,"column":54},"end":{"line":202,"column":55}},"loc":{"start":{"line":202,"column":61},"end":{"line":202,"column":null}},"line":202},"22":{"name":"(anonymous_22)","decl":{"start":{"line":208,"column":53},"end":{"line":208,"column":59}},"loc":{"start":{"line":208,"column":59},"end":{"line":208,"column":null}},"line":208},"23":{"name":"(anonymous_23)","decl":{"start":{"line":233,"column":42},"end":{"line":233,"column":43}},"loc":{"start":{"line":233,"column":49},"end":{"line":233,"column":null}},"line":233},"24":{"name":"(anonymous_24)","decl":{"start":{"line":247,"column":29},"end":{"line":247,"column":35}},"loc":{"start":{"line":247,"column":35},"end":{"line":247,"column":null}},"line":247},"25":{"name":"(anonymous_25)","decl":{"start":{"line":256,"column":25},"end":{"line":256,"column":31}},"loc":{"start":{"line":256,"column":31},"end":{"line":256,"column":null}},"line":256}},"branchMap":{"0":{"loc":{"start":{"line":48,"column":12},"end":{"line":58,"column":null}},"type":"if","locations":[{"start":{"line":48,"column":12},"end":{"line":58,"column":null}},{"start":{},"end":{}}],"line":48},"1":{"loc":{"start":{"line":48,"column":16},"end":{"line":48,"column":67}},"type":"binary-expr","locations":[{"start":{"line":48,"column":16},"end":{"line":48,"column":37}},{"start":{"line":48,"column":37},"end":{"line":48,"column":67}}],"line":48},"2":{"loc":{"start":{"line":51,"column":16},"end":{"line":54,"column":null}},"type":"if","locations":[{"start":{"line":51,"column":16},"end":{"line":54,"column":null}},{"start":{},"end":{}}],"line":51},"3":{"loc":{"start":{"line":53,"column":20},"end":{"line":53,"column":null}},"type":"if","locations":[{"start":{"line":53,"column":20},"end":{"line":53,"column":null}},{"start":{},"end":{}}],"line":53},"4":{"loc":{"start":{"line":67,"column":8},"end":{"line":67,"column":null}},"type":"if","locations":[{"start":{"line":67,"column":8},"end":{"line":67,"column":null}},{"start":{},"end":{}}],"line":67},"5":{"loc":{"start":{"line":71,"column":27},"end":{"line":71,"column":null}},"type":"binary-expr","locations":[{"start":{"line":71,"column":27},"end":{"line":71,"column":48}},{"start":{"line":71,"column":48},"end":{"line":71,"column":null}}],"line":71},"6":{"loc":{"start":{"line":74,"column":39},"end":{"line":74,"column":52}},"type":"binary-expr","locations":[{"start":{"line":74,"column":39},"end":{"line":74,"column":50}},{"start":{"line":74,"column":50},"end":{"line":74,"column":52}}],"line":74},"7":{"loc":{"start":{"line":75,"column":22},"end":{"line":75,"column":null}},"type":"binary-expr","locations":[{"start":{"line":75,"column":22},"end":{"line":75,"column":33}},{"start":{"line":75,"column":33},"end":{"line":75,"column":null}}],"line":75},"8":{"loc":{"start":{"line":76,"column":24},"end":{"line":76,"column":null}},"type":"binary-expr","locations":[{"start":{"line":76,"column":24},"end":{"line":76,"column":44}},{"start":{"line":76,"column":44},"end":{"line":76,"column":null}}],"line":76},"9":{"loc":{"start":{"line":122,"column":4},"end":{"line":122,"column":null}},"type":"if","locations":[{"start":{"line":122,"column":4},"end":{"line":122,"column":null}},{"start":{},"end":{}}],"line":122},"10":{"loc":{"start":{"line":123,"column":4},"end":{"line":123,"column":null}},"type":"if","locations":[{"start":{"line":123,"column":4},"end":{"line":123,"column":null}},{"start":{},"end":{}}],"line":123},"11":{"loc":{"start":{"line":145,"column":35},"end":{"line":145,"column":null}},"type":"binary-expr","locations":[{"start":{"line":145,"column":35},"end":{"line":145,"column":58}},{"start":{"line":145,"column":58},"end":{"line":145,"column":null}}],"line":145},"12":{"loc":{"start":{"line":170,"column":53},"end":{"line":170,"column":null}},"type":"binary-expr","locations":[{"start":{"line":170,"column":53},"end":{"line":170,"column":70}},{"start":{"line":170,"column":70},"end":{"line":170,"column":null}}],"line":170},"13":{"loc":{"start":{"line":170,"column":70},"end":{"line":170,"column":null}},"type":"cond-expr","locations":[{"start":{"line":170,"column":70},"end":{"line":170,"column":105}},{"start":{"line":170,"column":105},"end":{"line":170,"column":null}}],"line":170},"14":{"loc":{"start":{"line":188,"column":152},"end":{"line":188,"column":240}},"type":"cond-expr","locations":[{"start":{"line":188,"column":168},"end":{"line":188,"column":212}},{"start":{"line":188,"column":212},"end":{"line":188,"column":240}}],"line":188},"15":{"loc":{"start":{"line":189,"column":107},"end":{"line":189,"column":159}},"type":"cond-expr","locations":[{"start":{"line":189,"column":123},"end":{"line":189,"column":144}},{"start":{"line":189,"column":144},"end":{"line":189,"column":159}}],"line":189},"16":{"loc":{"start":{"line":209,"column":88},"end":{"line":209,"column":223}},"type":"cond-expr","locations":[{"start":{"line":209,"column":104},"end":{"line":209,"column":173}},{"start":{"line":209,"column":173},"end":{"line":209,"column":223}}],"line":209},"17":{"loc":{"start":{"line":224,"column":104},"end":{"line":224,"column":182}},"type":"cond-expr","locations":[{"start":{"line":224,"column":117},"end":{"line":224,"column":148}},{"start":{"line":224,"column":148},"end":{"line":224,"column":182}}],"line":224},"18":{"loc":{"start":{"line":225,"column":37},"end":{"line":225,"column":null}},"type":"cond-expr","locations":[{"start":{"line":225,"column":51},"end":{"line":225,"column":62}},{"start":{"line":225,"column":62},"end":{"line":225,"column":null}}],"line":225},"19":{"loc":{"start":{"line":225,"column":62},"end":{"line":225,"column":null}},"type":"cond-expr","locations":[{"start":{"line":225,"column":76},"end":{"line":225,"column":87}},{"start":{"line":225,"column":87},"end":{"line":225,"column":null}}],"line":225}},"s":{"0":15,"1":15,"2":15,"3":15,"4":15,"5":15,"6":15,"7":15,"8":15,"9":15,"10":15,"11":4,"12":15,"13":4,"14":0,"15":0,"16":0,"17":4,"18":4,"19":15,"20":10,"21":10,"22":10,"23":15,"24":4,"25":4,"26":4,"27":4,"28":3,"29":3,"30":3,"31":3,"32":3,"33":3,"34":3,"35":3,"36":1,"37":4,"38":15,"39":3,"40":0,"41":3,"42":3,"43":3,"44":3,"45":15,"46":2,"47":2,"48":2,"49":15,"50":0,"51":0,"52":0,"53":15,"54":1,"55":1,"56":1,"57":15,"58":1,"59":1,"60":1,"61":1,"62":1,"63":0,"64":15,"65":4,"66":11,"67":11,"68":10,"69":1,"70":10,"71":10,"72":10,"73":1,"74":1,"75":1,"76":10,"77":1,"78":1,"79":1,"80":0,"81":1,"82":0},"f":{"0":15,"1":4,"2":4,"3":0,"4":4,"5":10,"6":4,"7":3,"8":3,"9":3,"10":3,"11":2,"12":0,"13":1,"14":1,"15":1,"16":10,"17":10,"18":1,"19":10,"20":1,"21":1,"22":1,"23":0,"24":1,"25":0},"b":{"0":[3,1],"1":[4,3],"2":[3,0],"3":[3,0],"4":[0,3],"5":[3,0],"6":[3,0],"7":[3,0],"8":[3,0],"9":[4,11],"10":[1,10],"11":[10,0],"12":[1,1],"13":[0,1],"14":[3,7],"15":[3,7],"16":[3,7],"17":[0,10],"18":[0,10],"19":[10,0]},"meta":{"lastBranch":20,"lastFunction":26,"lastStatement":83,"seen":{"f:10:24:10:41":0,"s:11:33:11:Infinity":0,"s:12:10:12:Infinity":1,"s:13:30:13:Infinity":2,"s:14:34:14:Infinity":3,"s:15:30:15:Infinity":4,"s:16:38:16:Infinity":5,"s:17:38:17:Infinity":6,"s:18:20:18:Infinity":7,"s:21:36:21:Infinity":8,"s:22:38:22:Infinity":9,"s:24:4:26:Infinity":10,"f:24:14:24:20":1,"s:25:8:25:Infinity":11,"s:28:4:35:Infinity":12,"f:28:14:28:20":2,"s:29:25:33:Infinity":13,"f:29:37:29:43":3,"s:30:24:30:Infinity":14,"s:31:25:31:Infinity":15,"s:32:12:32:Infinity":16,"s:34:8:34:Infinity":17,"f:34:15:34:21":4,"s:34:21:34:Infinity":18,"s:37:23:41:Infinity":19,"f:37:23:37:24":5,"s:38:21:38:Infinity":20,"s:39:21:39:Infinity":21,"s:40:8:40:Infinity":22,"s:43:25:64:Infinity":23,"f:43:25:43:37":6,"s:44:8:63:Infinity":24,"s:45:25:45:Infinity":25,"s:46:12:46:Infinity":26,"b:48:12:58:Infinity:undefined:undefined:undefined:undefined":0,"s:48:12:58:Infinity":27,"b:48:16:48:37:48:37:48:67":1,"s:50:34:50:Infinity":28,"b:51:16:54:Infinity:undefined:undefined:undefined:undefined":2,"s:51:16:54:Infinity":29,"s:52:32:52:Infinity":30,"f:52:55:52:60":7,"s:52:60:52:96":31,"b:53:20:53:Infinity:undefined:undefined:undefined:undefined":3,"s:53:20:53:Infinity":32,"s:53:29:53:Infinity":33,"s:56:16:56:Infinity":34,"s:57:16:57:Infinity":35,"s:60:12:60:Infinity":36,"s:62:12:62:Infinity":37,"s:66:30:81:Infinity":38,"f:66:30:66:31":8,"b:67:8:67:Infinity:undefined:undefined:undefined:undefined":4,"s:67:8:67:Infinity":39,"s:67:37:67:Infinity":40,"s:69:28:79:Infinity":41,"f:69:54:69:61":9,"s:69:61:79:10":42,"b:71:27:71:48:71:48:71:Infinity":5,"b:74:39:74:50:74:50:74:52":6,"f:74:59:74:66":10,"s:74:66:78:14":43,"b:75:22:75:33:75:33:75:Infinity":7,"b:76:24:76:44:76:44:76:Infinity":8,"s:80:8:80:Infinity":44,"s:83:22:87:Infinity":45,"f:83:22:83:23":11,"s:84:24:84:Infinity":46,"s:85:8:85:Infinity":47,"s:86:8:86:Infinity":48,"s:89:22:93:Infinity":49,"f:89:22:89:23":12,"s:90:24:90:Infinity":50,"s:91:8:91:Infinity":51,"s:92:8:92:Infinity":52,"s:95:27:99:Infinity":53,"f:95:27:95:28":13,"s:96:24:96:Infinity":54,"s:97:8:97:Infinity":55,"s:98:8:98:Infinity":56,"s:101:28:120:Infinity":57,"f:101:28:101:35":14,"s:102:8:102:Infinity":58,"s:103:8:119:Infinity":59,"s:104:28:113:Infinity":60,"s:115:12:115:Infinity":61,"s:116:12:116:Infinity":62,"s:118:12:118:Infinity":63,"b:122:4:122:Infinity:undefined:undefined:undefined:undefined":9,"s:122:4:122:Infinity":64,"s:122:17:122:Infinity":65,"b:123:4:123:Infinity:undefined:undefined:undefined:undefined":10,"s:123:4:123:Infinity":66,"s:123:18:123:Infinity":67,"s:125:4:261:Infinity":68,"f:129:25:129:31":15,"s:129:31:129:Infinity":69,"f:140:26:140:32":16,"s:141:45:144:Infinity":70,"s:145:28:145:Infinity":71,"b:145:35:145:58:145:58:145:Infinity":11,"f:160:33:160:34":17,"s:161:20:241:Infinity":72,"f:168:41:168:47":18,"s:169:42:169:Infinity":73,"s:170:53:170:Infinity":74,"b:170:53:170:70:170:70:170:Infinity":12,"b:170:70:170:105:170:105:170:Infinity":13,"s:171:36:171:Infinity":75,"f:187:41:187:42":19,"s:188:32:214:Infinity":76,"b:188:168:188:212:188:212:188:240":14,"b:189:123:189:144:189:144:189:159":15,"f:194:54:194:55":20,"s:194:61:194:Infinity":77,"f:202:54:202:55":21,"s:202:61:202:Infinity":78,"f:208:53:208:59":22,"s:208:59:208:Infinity":79,"b:209:104:209:173:209:173:209:223":16,"b:224:117:224:148:224:148:224:182":17,"b:225:51:225:62:225:62:225:Infinity":18,"b:225:76:225:87:225:87:225:Infinity":19,"f:233:42:233:43":23,"s:233:49:233:Infinity":80,"f:247:29:247:35":24,"s:247:35:247:Infinity":81,"f:256:25:256:31":25,"s:256:31:256:Infinity":82}}}
,"C:\\Users\\david\\OneDrive\\Escritorio\\gymai-proyecto\\frontend\\ai-gym-trainer\\src\\services\\videoService.js": {"path":"C:\\Users\\david\\OneDrive\\Escritorio\\gymai-proyecto\\frontend\\ai-gym-trainer\\src\\services\\videoService.js","statementMap":{"0":{"start":{"line":4,"column":22},"end":{"line":6,"column":1}},"1":{"start":{"line":5,"column":4},"end":{"line":5,"column":98}},"2":{"start":{"line":8,"column":23},"end":{"line":68,"column":1}},"3":{"start":{"line":74,"column":34},"end":{"line":93,"column":1}},"4":{"start":{"line":75,"column":4},"end":{"line":75,"column":35}},"5":{"start":{"line":75,"column":23},"end":{"line":75,"column":35}},"6":{"start":{"line":77,"column":23},"end":{"line":77,"column":50}},"7":{"start":{"line":80,"column":17},"end":{"line":80,"column":44}},"8":{"start":{"line":81,"column":4},"end":{"line":83,"column":5}},"9":{"start":{"line":82,"column":8},"end":{"line":82,"column":74}},"10":{"start":{"line":82,"column":47},"end":{"line":82,"column":74}},"11":{"start":{"line":87,"column":27},"end":{"line":87,"column":67}},"12":{"start":{"line":87,"column":47},"end":{"line":87,"column":66}},"13":{"start":{"line":88,"column":4},"end":{"line":90,"column":5}},"14":{"start":{"line":89,"column":8},"end":{"line":89,"column":78}},"15":{"start":{"line":89,"column":52},"end":{"line":89,"column":78}},"16":{"start":{"line":92,"column":4},"end":{"line":92,"column":16}},"17":{"start":{"line":98,"column":37},"end":{"line":114,"column":1}},"18":{"start":{"line":99,"column":4},"end":{"line":99,"column":46}},"19":{"start":{"line":99,"column":36},"end":{"line":99,"column":46}},"20":{"start":{"line":101,"column":23},"end":{"line":101,"column":43}},"21":{"start":{"line":102,"column":20},"end":{"line":102,"column":22}},"22":{"start":{"line":104,"column":4},"end":{"line":111,"column":7}},"23":{"start":{"line":105,"column":8},"end":{"line":110,"column":9}},"24":{"start":{"line":106,"column":12},"end":{"line":109,"column":15}},"25":{"start":{"line":113,"column":4},"end":{"line":113,"column":19}},"26":{"start":{"line":119,"column":29},"end":{"line":122,"column":1}},"27":{"start":{"line":120,"column":4},"end":{"line":120,"column":28}},"28":{"start":{"line":120,"column":18},"end":{"line":120,"column":28}},"29":{"start":{"line":121,"column":4},"end":{"line":121,"column":56}},"30":{"start":{"line":127,"column":36},"end":{"line":129,"column":1}},"31":{"start":{"line":128,"column":4},"end":{"line":128,"column":120}}},"fnMap":{"0":{"name":"(anonymous_0)","decl":{"start":{"line":4,"column":22},"end":{"line":4,"column":23}},"loc":{"start":{"line":4,"column":32},"end":{"line":6,"column":1}},"line":4},"1":{"name":"(anonymous_1)","decl":{"start":{"line":74,"column":34},"end":{"line":74,"column":35}},"loc":{"start":{"line":74,"column":52},"end":{"line":93,"column":1}},"line":74},"2":{"name":"(anonymous_2)","decl":{"start":{"line":87,"column":37},"end":{"line":87,"column":38}},"loc":{"start":{"line":87,"column":47},"end":{"line":87,"column":66}},"line":87},"3":{"name":"(anonymous_3)","decl":{"start":{"line":98,"column":37},"end":{"line":98,"column":38}},"loc":{"start":{"line":98,"column":48},"end":{"line":114,"column":1}},"line":98},"4":{"name":"(anonymous_4)","decl":{"start":{"line":104,"column":40},"end":{"line":104,"column":43}},"loc":{"start":{"line":104,"column":47},"end":{"line":111,"column":5}},"line":104},"5":{"name":"(anonymous_5)","decl":{"start":{"line":119,"column":29},"end":{"line":119,"column":30}},"loc":{"start":{"line":119,"column":42},"end":{"line":122,"column":1}},"line":119},"6":{"name":"(anonymous_6)","decl":{"start":{"line":127,"column":36},"end":{"line":127,"column":37}},"loc":{"start":{"line":127,"column":54},"end":{"line":129,"column":1}},"line":127}},"branchMap":{"0":{"loc":{"start":{"line":5,"column":11},"end":{"line":5,"column":97}},"type":"cond-expr","locations":[{"start":{"line":5,"column":18},"end":{"line":5,"column":92}},{"start":{"line":5,"column":95},"end":{"line":5,"column":97}}],"line":5},"1":{"loc":{"start":{"line":75,"column":4},"end":{"line":75,"column":35}},"type":"if","locations":[{"start":{"line":75,"column":4},"end":{"line":75,"column":35}},{"start":{},"end":{}}],"line":75},"2":{"loc":{"start":{"line":82,"column":8},"end":{"line":82,"column":74}},"type":"if","locations":[{"start":{"line":82,"column":8},"end":{"line":82,"column":74}},{"start":{},"end":{}}],"line":82},"3":{"loc":{"start":{"line":89,"column":8},"end":{"line":89,"column":78}},"type":"if","locations":[{"start":{"line":89,"column":8},"end":{"line":89,"column":78}},{"start":{},"end":{}}],"line":89},"4":{"loc":{"start":{"line":99,"column":4},"end":{"line":99,"column":46}},"type":"if","locations":[{"start":{"line":99,"column":4},"end":{"line":99,"column":46}},{"start":{},"end":{}}],"line":99},"5":{"loc":{"start":{"line":99,"column":8},"end":{"line":99,"column":34}},"type":"binary-expr","locations":[{"start":{"line":99,"column":8},"end":{"line":99,"column":14}},{"start":{"line":99,"column":18},"end":{"line":99,"column":34}}],"line":99},"6":{"loc":{"start":{"line":105,"column":8},"end":{"line":110,"column":9}},"type":"if","locations":[{"start":{"line":105,"column":8},"end":{"line":110,"column":9}},{"start":{},"end":{}}],"line":105},"7":{"loc":{"start":{"line":120,"column":4},"end":{"line":120,"column":28}},"type":"if","locations":[{"start":{"line":120,"column":4},"end":{"line":120,"column":28}},{"start":{},"end":{}}],"line":120}},"s":{"0":4,"1":995,"2":4,"3":4,"4":9,"5":0,"6":9,"7":9,"8":9,"9":356,"10":2,"11":7,"12":1407,"13":7,"14":336,"15":0,"16":7,"17":4,"18":6,"19":0,"20":6,"21":6,"22":6,"23":288,"24":45,"25":6,"26":4,"27":2,"28":0,"29":2,"30":4,"31":0},"f":{"0":995,"1":9,"2":1407,"3":6,"4":288,"5":2,"6":0},"b":{"0":[995,0],"1":[0,9],"2":[2,354],"3":[0,336],"4":[0,6],"5":[6,6],"6":[45,243],"7":[0,2]},"meta":{"lastBranch":8,"lastFunction":7,"lastStatement":32,"seen":{"s:4:22:6:1":0,"f:4:22:4:23":0,"s:5:4:5:98":1,"b:5:18:5:92:5:95:5:97":0,"s:8:23:68:1":2,"s:74:34:93:1":3,"f:74:34:74:35":1,"b:75:4:75:35:undefined:undefined:undefined:undefined":1,"s:75:4:75:35":4,"s:75:23:75:35":5,"s:77:23:77:50":6,"s:80:17:80:44":7,"s:81:4:83:5":8,"b:82:8:82:74:undefined:undefined:undefined:undefined":2,"s:82:8:82:74":9,"s:82:47:82:74":10,"s:87:27:87:67":11,"f:87:37:87:38":2,"s:87:47:87:66":12,"s:88:4:90:5":13,"b:89:8:89:78:undefined:undefined:undefined:undefined":3,"s:89:8:89:78":14,"s:89:52:89:78":15,"s:92:4:92:16":16,"s:98:37:114:1":17,"f:98:37:98:38":3,"b:99:4:99:46:undefined:undefined:undefined:undefined":4,"s:99:4:99:46":18,"b:99:8:99:14:99:18:99:34":5,"s:99:36:99:46":19,"s:101:23:101:43":20,"s:102:20:102:22":21,"s:104:4:111:7":22,"f:104:40:104:43":4,"b:105:8:110:9:undefined:undefined:undefined:undefined":6,"s:105:8:110:9":23,"s:106:12:109:15":24,"s:113:4:113:19":25,"s:119:29:122:1":26,"f:119:29:119:30":5,"b:120:4:120:28:undefined:undefined:undefined:undefined":7,"s:120:4:120:28":27,"s:120:18:120:28":28,"s:121:4:121:56":29,"s:127:36:129:1":30,"f:127:36:127:37":6,"s:128:4:128:120":31}}}
}
