TN:
SF:src\components\ConfirmModal.jsx
FN:4,ConfirmModal
FNF:1
FNH:1
FNDA:48,ConfirmModal
DA:5,48
DA:7,2
LF:2
LH:2
BRDA:4,0,0,48
BRDA:4,1,0,48
BRDA:5,2,0,46
BRDA:5,2,1,2
BRDA:27,3,0,2
BRDA:27,3,1,0
BRDA:30,4,0,48
BRDA:30,4,1,0
BRF:8
BRH:6
end_of_record
TN:
SF:src\components\ExerciseVideo.jsx
FN:4,ExerciseVideo
FN:8,(anonymous_1)
FNF:2
FNH:2
FNDA:17,ExerciseVideo
FNDA:2,(anonymous_1)
DA:5,17
DA:8,2
DA:9,2
DA:10,1
DA:11,1
DA:12,1
DA:13,0
DA:14,0
DA:15,0
DA:16,0
DA:18,0
DA:22,1
DA:25,2
DA:27,2
LF:14
LH:9
BRDA:5,0,0,15
BRDA:5,0,1,2
BRDA:9,1,0,1
BRDA:9,1,1,1
BRDA:11,2,0,1
BRDA:11,2,1,0
BRDA:13,3,0,0
BRDA:13,3,1,0
BRDA:15,4,0,0
BRDA:15,4,1,0
BRDA:49,5,0,1
BRDA:49,5,1,1
BRF:12
BRH:7
end_of_record
TN:
SF:src\components\Layout.jsx
FN:6,Layout
FN:44,(anonymous_1)
FN:79,(anonymous_2)
FN:90,(anonymous_3)
FN:94,(anonymous_4)
FN:97,(anonymous_5)
FN:105,(anonymous_6)
FN:111,(anonymous_7)
FNF:8
FNH:7
FNDA:7,Layout
FNDA:49,(anonymous_1)
FNDA:2,(anonymous_2)
FNDA:1,(anonymous_3)
FNDA:1,(anonymous_4)
FNDA:0,(anonymous_5)
FNDA:14,(anonymous_6)
FNDA:1,(anonymous_7)
DA:7,7
DA:8,7
DA:9,7
DA:11,7
DA:21,7
DA:45,49
DA:46,49
DA:79,2
DA:90,1
DA:94,1
DA:97,0
DA:106,14
DA:107,14
DA:111,1
LF:14
LH:13
BRDA:50,0,0,7
BRDA:50,0,1,42
BRDA:55,1,0,49
BRDA:55,1,1,7
BRDA:56,2,0,7
BRDA:56,2,1,42
BRDA:57,3,0,7
BRDA:57,3,1,42
BRDA:82,4,0,2
BRDA:82,4,1,5
BRDA:87,5,0,7
BRDA:87,5,1,2
BRDA:112,6,0,2
BRDA:112,6,1,12
BRF:14
BRH:14
end_of_record
TN:
SF:src\components\ManualWorkoutModal.jsx
FN:4,ManualWorkoutModal
FN:5,(anonymous_1)
FN:21,(anonymous_2)
FN:45,(anonymous_3)
FN:88,(anonymous_4)
FN:102,(anonymous_5)
FN:118,(anonymous_6)
FN:129,(anonymous_7)
FN:142,(anonymous_8)
FN:146,(anonymous_9)
FNF:10
FNH:8
FNDA:18,ManualWorkoutModal
FNDA:22,(anonymous_1)
FNDA:7,(anonymous_2)
FNDA:2,(anonymous_3)
FNDA:2,(anonymous_4)
FNDA:0,(anonymous_5)
FNDA:1,(anonymous_6)
FNDA:1,(anonymous_7)
FNDA:70,(anonymous_8)
FNDA:0,(anonymous_9)
DA:5,18
DA:6,22
DA:7,22
DA:8,22
DA:11,18
DA:18,18
DA:21,18
DA:22,7
DA:23,2
DA:24,2
DA:25,2
DA:32,5
DA:33,2
DA:43,18
DA:45,14
DA:46,2
DA:47,2
DA:48,2
DA:49,2
DA:50,2
DA:58,2
DA:60,0
DA:62,2
DA:66,14
DA:88,2
DA:102,0
DA:118,1
DA:129,1
DA:143,70
DA:146,0
LF:30
LH:27
BRDA:6,0,0,2
BRDA:6,0,1,20
BRDA:22,1,0,2
BRDA:22,1,1,5
BRDA:22,2,0,7
BRDA:22,2,1,2
BRDA:23,3,0,2
BRDA:23,3,1,0
BRDA:23,3,2,0
BRDA:24,4,0,2
BRDA:24,4,1,0
BRDA:24,4,2,0
BRDA:26,5,0,2
BRDA:26,5,1,0
BRDA:30,6,0,2
BRDA:30,6,1,1
BRDA:32,7,0,2
BRDA:32,7,1,3
BRDA:32,8,0,5
BRDA:32,8,1,5
BRDA:43,9,0,4
BRDA:43,9,1,14
BRDA:56,10,0,2
BRDA:56,10,1,2
BRDA:74,11,0,6
BRDA:74,11,1,8
BRDA:77,12,0,6
BRDA:77,12,1,8
BRDA:118,13,0,1
BRDA:118,13,1,0
BRDA:129,14,0,1
BRDA:129,14,1,0
BRDA:147,15,0,69
BRDA:147,15,1,1
BRDA:149,16,0,69
BRDA:149,16,1,1
BRDA:153,17,0,18
BRDA:153,17,1,0
BRDA:153,17,2,0
BRDA:164,18,0,3
BRDA:164,18,1,11
BRDA:164,19,0,5
BRDA:164,19,1,6
BRDA:165,20,0,3
BRDA:165,20,1,11
BRDA:165,21,0,5
BRDA:165,21,1,6
BRF:47
BRH:38
end_of_record
TN:
SF:src\components\WorkoutSummaryModal.jsx
FN:4,WorkoutSummaryModal
FN:41,(anonymous_1)
FN:44,(anonymous_2)
FN:71,(anonymous_3)
FN:77,(anonymous_4)
FNF:5
FNH:3
FNDA:11,WorkoutSummaryModal
FNDA:10,(anonymous_1)
FNDA:0,(anonymous_2)
FNDA:0,(anonymous_3)
FNDA:2,(anonymous_4)
DA:5,11
DA:6,11
DA:8,11
DA:10,2
DA:42,10
DA:44,0
DA:71,0
DA:77,2
LF:8
LH:6
BRDA:6,0,0,11
BRDA:6,0,1,10
BRDA:8,1,0,9
BRDA:8,1,1,2
BRDA:45,2,0,10
BRDA:45,2,1,0
BRDA:49,3,0,10
BRDA:49,3,1,0
BRF:8
BRH:6
end_of_record
TN:
SF:src\context\AuthContext.jsx
FN:6,(anonymous_0)
FN:8,(anonymous_1)
FN:13,(anonymous_2)
FN:15,(anonymous_3)
FN:22,(anonymous_4)
FN:28,(anonymous_5)
FN:32,(anonymous_6)
FN:33,(anonymous_7)
FN:34,(anonymous_8)
FN:35,(anonymous_9)
FN:38,(anonymous_10)
FNF:11
FNH:7
FNDA:165,(anonymous_0)
FNDA:10,(anonymous_1)
FNDA:4,(anonymous_2)
FNDA:4,(anonymous_3)
FNDA:2,(anonymous_4)
FNDA:4,(anonymous_5)
FNDA:0,(anonymous_6)
FNDA:1,(anonymous_7)
FNDA:0,(anonymous_8)
FNDA:0,(anonymous_9)
FNDA:0,(anonymous_10)
DA:4,11
DA:6,165
DA:8,11
DA:9,10
DA:10,10
DA:11,10
DA:13,10
DA:15,4
DA:16,4
DA:17,4
DA:18,4
DA:22,4
DA:23,2
DA:24,2
DA:25,2
DA:28,4
DA:31,10
DA:32,0
DA:33,1
DA:34,0
DA:35,0
DA:38,0
DA:44,10
LF:23
LH:19
BRDA:17,0,0,4
BRDA:17,0,1,3
BRDA:24,1,0,2
BRDA:24,1,1,1
BRDA:46,2,0,10
BRDA:46,2,1,6
BRF:6
BRH:6
end_of_record
TN:
SF:src\lib\api.js
FN:7,getHeaders
FN:24,(anonymous_1)
FN:37,(anonymous_2)
FN:44,(anonymous_3)
FN:52,(anonymous_4)
FN:58,(anonymous_5)
FN:69,(anonymous_6)
FNF:7
FNH:5
FNDA:5,getHeaders
FNDA:5,(anonymous_1)
FNDA:0,(anonymous_2)
FNDA:1,(anonymous_3)
FNDA:0,(anonymous_4)
FNDA:2,(anonymous_5)
FNDA:2,(anonymous_6)
DA:5,1
DA:8,5
DA:9,5
DA:11,5
DA:16,5
DA:17,5
DA:20,5
DA:24,1
DA:25,5
DA:26,5
DA:29,5
DA:30,0
DA:33,5
DA:36,1
DA:38,0
DA:39,0
DA:40,0
DA:41,0
DA:45,1
DA:46,1
DA:51,1
DA:52,1
DA:53,1
DA:55,0
DA:59,2
DA:60,2
DA:65,2
DA:66,1
DA:70,2
DA:71,2
DA:75,2
DA:76,1
LF:32
LH:26
BRDA:5,0,0,1
BRDA:5,0,1,0
BRDA:16,1,0,5
BRDA:16,1,1,0
BRDA:25,2,0,0
BRDA:25,2,1,5
BRDA:26,3,0,5
BRDA:26,3,1,0
BRDA:29,4,0,0
BRDA:29,4,1,5
BRDA:29,5,0,5
BRDA:29,5,1,5
BRDA:40,6,0,0
BRDA:40,6,1,0
BRDA:51,7,0,1
BRDA:51,7,1,0
BRDA:53,8,0,1
BRDA:53,8,1,0
BRDA:65,9,0,1
BRDA:65,9,1,1
BRDA:75,10,0,1
BRDA:75,10,1,1
BRF:22
BRH:13
end_of_record
TN:
SF:src\lib\supabaseClient.js
FNF:0
FNH:0
DA:3,6
DA:4,6
DA:6,6
DA:7,0
DA:10,6
LF:5
LH:4
BRDA:6,0,0,0
BRDA:6,0,1,6
BRDA:6,1,0,6
BRDA:6,1,1,6
BRF:4
BRH:3
end_of_record
TN:
SF:src\pages\AICoach.jsx
FN:6,AICoach
FN:27,(anonymous_1)
FN:34,(anonymous_2)
FN:53,(anonymous_3)
FN:55,(anonymous_4)
FN:62,(anonymous_5)
FN:81,(anonymous_6)
FN:86,(anonymous_7)
FN:90,(anonymous_8)
FN:120,(anonymous_9)
FN:126,(anonymous_10)
FN:151,(anonymous_11)
FN:174,(anonymous_12)
FN:214,(anonymous_13)
FN:216,(anonymous_14)
FN:227,(anonymous_15)
FN:274,(anonymous_16)
FNF:17
FNH:11
FNDA:18,AICoach
FNDA:9,(anonymous_1)
FNDA:2,(anonymous_2)
FNDA:1,(anonymous_3)
FNDA:1,(anonymous_4)
FNDA:2,(anonymous_5)
FNDA:0,(anonymous_6)
FNDA:0,(anonymous_7)
FNDA:0,(anonymous_8)
FNDA:0,(anonymous_9)
FNDA:2,(anonymous_10)
FNDA:18,(anonymous_11)
FNDA:2,(anonymous_12)
FNDA:7,(anonymous_13)
FNDA:0,(anonymous_14)
FNDA:0,(anonymous_15)
FNDA:1,(anonymous_16)
DA:7,18
DA:8,18
DA:9,18
DA:12,18
DA:13,18
DA:14,18
DA:15,18
DA:16,18
DA:17,18
DA:20,18
DA:27,18
DA:28,9
DA:31,18
DA:34,18
DA:35,2
DA:36,2
DA:38,2
DA:39,2
DA:40,2
DA:41,2
DA:42,2
DA:43,2
DA:45,2
DA:46,2
DA:49,1
DA:50,0
DA:53,1
DA:55,1
DA:57,2
DA:62,18
DA:64,2
DA:65,0
DA:66,0
DA:69,2
DA:70,2
DA:71,2
DA:72,1
DA:73,1
DA:75,1
DA:77,2
DA:81,18
DA:82,0
DA:83,0
DA:84,0
DA:85,0
DA:86,0
DA:87,0
DA:88,0
DA:89,0
DA:90,0
DA:93,0
DA:95,0
DA:99,18
DA:120,0
DA:127,2
DA:128,0
DA:130,2
DA:152,18
DA:174,2
DA:215,7
DA:216,7
DA:218,7
DA:228,0
DA:275,1
DA:276,1
LF:65
LH:48
BRDA:36,0,0,0
BRDA:36,0,1,2
BRDA:36,1,0,2
BRDA:36,1,1,2
BRDA:49,2,0,0
BRDA:49,2,1,1
BRDA:64,3,0,0
BRDA:64,3,1,2
BRDA:117,4,0,18
BRDA:117,4,1,17
BRDA:121,5,0,12
BRDA:121,5,1,5
BRDA:127,6,0,0
BRDA:127,6,1,2
BRDA:133,7,0,5
BRDA:133,7,1,12
BRDA:135,8,0,17
BRDA:135,8,1,0
BRDA:148,9,0,18
BRDA:148,9,1,12
BRDA:152,10,0,4
BRDA:152,10,1,14
BRDA:153,11,0,4
BRDA:153,11,1,14
BRDA:161,12,0,12
BRDA:161,12,1,2
BRDA:186,13,0,18
BRDA:186,13,1,5
BRDA:199,14,0,2
BRDA:199,14,1,3
BRDA:200,15,0,2
BRDA:200,15,1,3
BRDA:206,16,0,18
BRDA:206,16,1,1
BRDA:218,17,0,0
BRDA:218,17,1,7
BRDA:238,18,0,0
BRDA:238,18,1,0
BRDA:241,19,0,0
BRDA:241,19,1,0
BRDA:265,20,0,1
BRDA:265,20,1,0
BRDA:287,21,0,0
BRDA:287,21,1,1
BRDA:288,22,0,0
BRDA:288,22,1,1
BRF:46
BRH:33
end_of_record
TN:
SF:src\pages\Dashboard.jsx
FN:8,Dashboard
FN:17,(anonymous_1)
FN:21,(anonymous_2)
FN:41,(anonymous_3)
FN:42,(anonymous_4)
FN:52,(anonymous_5)
FN:57,(anonymous_6)
FN:67,(anonymous_7)
FNF:8
FNH:8
FNDA:5,Dashboard
FNDA:2,(anonymous_1)
FNDA:2,(anonymous_2)
FNDA:2,(anonymous_3)
FNDA:2,(anonymous_4)
FNDA:1,(anonymous_5)
FNDA:1,(anonymous_6)
FNDA:15,(anonymous_7)
DA:9,5
DA:10,5
DA:17,5
DA:18,2
DA:21,5
DA:22,2
DA:23,2
DA:29,1
DA:31,1
DA:34,1
DA:35,1
DA:36,1
DA:37,2
DA:38,2
DA:41,2
DA:42,2
DA:44,2
DA:51,1
DA:52,1
DA:57,5
DA:58,1
DA:59,1
DA:60,1
DA:62,1
DA:63,8
DA:64,8
DA:65,8
DA:67,15
DA:69,8
DA:70,1
DA:72,7
DA:75,8
DA:80,8
DA:83,5
DA:84,2
DA:92,2
LF:36
LH:36
BRDA:18,0,0,2
BRDA:18,0,1,0
BRDA:29,1,0,0
BRDA:29,1,1,1
BRDA:36,2,0,0
BRDA:36,2,1,1
BRDA:69,3,0,1
BRDA:69,3,1,7
BRDA:83,4,0,2
BRDA:83,4,1,3
BRF:10
BRH:7
end_of_record
TN:
SF:src\pages\Exercises.jsx
FN:9,Exercises
FN:30,(anonymous_1)
FN:34,(anonymous_2)
FN:43,(anonymous_3)
FN:61,(anonymous_4)
FN:66,(anonymous_5)
FN:73,(anonymous_6)
FN:108,(anonymous_7)
FN:120,(anonymous_8)
FN:125,(anonymous_9)
FN:136,(anonymous_10)
FN:149,(anonymous_11)
FN:167,(anonymous_12)
FN:178,(anonymous_13)
FN:191,(anonymous_14)
FN:202,(anonymous_15)
FN:209,(anonymous_16)
FN:229,(anonymous_17)
FN:258,(anonymous_18)
FN:267,(anonymous_19)
FN:290,(anonymous_20)
FN:319,(anonymous_21)
FN:331,(anonymous_22)
FN:340,(anonymous_23)
FN:351,(anonymous_24)
FN:361,(anonymous_25)
FN:381,(anonymous_26)
FNF:27
FNH:16
FNDA:16,Exercises
FNDA:6,(anonymous_1)
FNDA:0,(anonymous_2)
FNDA:4,(anonymous_3)
FNDA:3,(anonymous_4)
FNDA:9,(anonymous_5)
FNDA:1,(anonymous_6)
FNDA:1,(anonymous_7)
FNDA:1,(anonymous_8)
FNDA:1,(anonymous_9)
FNDA:0,(anonymous_10)
FNDA:0,(anonymous_11)
FNDA:1,(anonymous_12)
FNDA:36,(anonymous_13)
FNDA:8,(anonymous_14)
FNDA:1,(anonymous_15)
FNDA:1,(anonymous_16)
FNDA:0,(anonymous_17)
FNDA:9,(anonymous_18)
FNDA:0,(anonymous_19)
FNDA:0,(anonymous_20)
FNDA:1,(anonymous_21)
FNDA:0,(anonymous_22)
FNDA:0,(anonymous_23)
FNDA:0,(anonymous_24)
FNDA:0,(anonymous_25)
FNDA:0,(anonymous_26)
DA:10,16
DA:11,16
DA:12,16
DA:13,16
DA:14,16
DA:15,16
DA:16,16
DA:19,16
DA:21,16
DA:30,16
DA:31,6
DA:32,2
DA:33,2
DA:34,0
DA:40,16
DA:43,16
DA:44,4
DA:45,4
DA:46,4
DA:52,4
DA:53,4
DA:55,0
DA:57,4
DA:61,16
DA:62,3
DA:66,16
DA:67,9
DA:73,16
DA:74,1
DA:75,1
DA:77,1
DA:78,1
DA:80,1
DA:86,1
DA:89,0
DA:93,0
DA:96,1
DA:97,1
DA:98,1
DA:99,1
DA:101,0
DA:103,1
DA:108,16
DA:109,1
DA:110,1
DA:117,1
DA:120,16
DA:121,1
DA:122,1
DA:123,1
DA:124,1
DA:125,1
DA:126,1
DA:128,0
DA:132,16
DA:136,0
DA:149,0
DA:167,1
DA:179,36
DA:192,8
DA:202,1
DA:209,1
DA:230,0
DA:231,0
DA:259,9
DA:267,0
DA:290,0
DA:319,1
DA:331,0
DA:340,0
DA:351,0
DA:361,0
DA:381,0
LF:73
LH:56
BRDA:31,0,0,2
BRDA:31,0,1,4
BRDA:33,1,0,0
BRDA:33,1,1,2
BRDA:33,2,0,2
BRDA:33,2,1,0
BRDA:52,3,0,0
BRDA:52,3,1,4
BRDA:53,4,0,4
BRDA:53,4,1,0
BRDA:62,5,0,3
BRDA:62,5,1,0
BRDA:67,6,0,9
BRDA:67,6,1,0
BRDA:67,6,2,0
BRDA:67,6,3,0
BRDA:78,7,0,1
BRDA:78,7,1,0
BRDA:86,8,0,0
BRDA:86,8,1,1
BRDA:93,9,0,0
BRDA:93,9,1,0
BRDA:113,10,0,1
BRDA:113,10,1,1
BRDA:114,11,0,1
BRDA:114,11,1,1
BRDA:115,12,0,1
BRDA:115,12,1,1
BRDA:121,13,0,0
BRDA:121,13,1,1
BRDA:124,14,0,0
BRDA:124,14,1,1
BRDA:176,15,0,6
BRDA:176,15,1,10
BRDA:184,16,0,10
BRDA:184,16,1,2
BRDA:220,17,0,8
BRDA:220,17,1,8
BRDA:226,18,0,8
BRDA:226,18,1,8
BRDA:230,19,0,0
BRDA:230,19,1,0
BRDA:246,20,0,10
BRDA:246,20,1,1
BRDA:248,21,0,1
BRDA:248,21,1,1
BRDA:287,22,0,16
BRDA:287,22,1,3
BRDA:296,23,0,3
BRDA:296,23,1,0
BRDA:299,24,0,3
BRDA:299,24,1,0
BRDA:307,25,0,3
BRDA:307,25,1,0
BRDA:371,26,0,1
BRDA:371,26,1,2
BRDA:372,27,0,1
BRDA:372,27,1,2
BRDA:372,28,0,2
BRDA:372,28,1,0
BRF:60
BRH:40
end_of_record
TN:
SF:src\pages\History.jsx
FN:7,History
FN:14,(anonymous_1)
FN:25,(anonymous_2)
FN:29,(anonymous_3)
FN:43,(anonymous_4)
FN:47,(anonymous_5)
FN:54,(anonymous_6)
FN:78,(anonymous_7)
FN:87,(anonymous_8)
FN:121,(anonymous_9)
FN:132,(anonymous_10)
FN:141,(anonymous_11)
FN:169,(anonymous_12)
FN:179,(anonymous_13)
FN:191,HistoryIcon
FNF:15
FNH:9
FNDA:7,History
FNDA:3,(anonymous_1)
FNDA:2,(anonymous_2)
FNDA:1,(anonymous_3)
FNDA:0,(anonymous_4)
FNDA:0,(anonymous_5)
FNDA:4,(anonymous_6)
FNDA:0,(anonymous_7)
FNDA:4,(anonymous_8)
FNDA:20,(anonymous_9)
FNDA:1,(anonymous_10)
FNDA:0,(anonymous_11)
FNDA:0,(anonymous_12)
FNDA:1,(anonymous_13)
FNDA:0,HistoryIcon
DA:8,7
DA:9,7
DA:10,7
DA:11,7
DA:12,7
DA:14,7
DA:15,3
DA:16,3
DA:17,2
DA:19,1
DA:21,3
DA:25,7
DA:26,2
DA:29,7
DA:30,1
DA:31,1
DA:32,1
DA:34,0
DA:36,1
DA:37,1
DA:39,0
DA:43,7
DA:44,0
DA:45,0
DA:46,0
DA:47,0
DA:48,0
DA:50,0
DA:54,7
DA:55,4
DA:56,4
DA:57,0
DA:58,0
DA:59,0
DA:62,7
DA:68,5
DA:78,0
DA:88,4
DA:122,20
DA:133,1
DA:134,1
DA:141,0
DA:169,0
DA:180,1
DA:181,1
DA:192,0
LF:46
LH:31
BRDA:31,0,0,1
BRDA:31,0,1,0
BRDA:44,1,0,0
BRDA:44,1,1,0
BRDA:55,2,0,4
BRDA:55,2,1,0
BRDA:56,3,0,4
BRDA:56,3,1,0
BRDA:59,4,0,0
BRDA:59,4,1,0
BRDA:62,5,0,2
BRDA:62,5,1,5
BRDA:86,6,0,4
BRDA:86,6,1,1
BRDA:98,7,0,4
BRDA:98,7,1,0
BRDA:113,8,0,4
BRDA:113,8,1,0
BRDA:125,9,0,20
BRDA:125,9,1,0
BRDA:125,10,0,20
BRDA:125,10,1,20
BRDA:126,11,0,20
BRDA:126,11,1,0
BRDA:126,12,0,20
BRDA:126,12,1,20
BRDA:148,13,0,4
BRDA:148,13,1,4
BRF:28
BRH:17
end_of_record
TN:
SF:src\pages\Login.jsx
FN:6,Login
FN:15,(anonymous_1)
FN:90,(anonymous_2)
FN:101,(anonymous_3)
FNF:4
FNH:4
FNDA:81,Login
FNDA:2,(anonymous_1)
FNDA:40,(anonymous_2)
FNDA:31,(anonymous_3)
DA:7,81
DA:8,81
DA:9,81
DA:10,81
DA:12,81
DA:13,81
DA:15,81
DA:16,2
DA:17,2
DA:18,2
DA:20,2
DA:21,2
DA:22,2
DA:25,1
DA:27,1
DA:29,1
DA:30,1
DA:31,0
DA:32,0
DA:34,0
DA:37,2
DA:41,81
DA:90,40
DA:101,31
LF:24
LH:21
BRDA:22,0,0,1
BRDA:22,0,1,1
BRDA:29,1,0,1
BRDA:29,1,1,0
BRDA:31,2,0,0
BRDA:31,2,1,0
BRDA:74,3,0,81
BRDA:74,3,1,1
BRDA:120,4,0,2
BRDA:120,4,1,79
BRDA:121,5,0,81
BRDA:121,5,1,79
BRF:12
BRH:9
end_of_record
TN:
SF:src\pages\Profile.jsx
FN:7,Profile
FN:25,(anonymous_1)
FN:32,(anonymous_2)
FN:47,(anonymous_3)
FN:77,(anonymous_4)
FN:117,(anonymous_5)
FN:125,(anonymous_6)
FN:134,(anonymous_7)
FN:134,(anonymous_8)
FN:141,(anonymous_9)
FN:264,(anonymous_10)
FN:268,(anonymous_11)
FN:299,(anonymous_12)
FNF:13
FNH:6
FNDA:8,Profile
FNDA:2,(anonymous_1)
FNDA:2,(anonymous_2)
FNDA:2,(anonymous_3)
FNDA:1,(anonymous_4)
FNDA:0,(anonymous_5)
FNDA:0,(anonymous_6)
FNDA:0,(anonymous_7)
FNDA:0,(anonymous_8)
FNDA:1,(anonymous_9)
FNDA:0,(anonymous_10)
FNDA:0,(anonymous_11)
FNDA:0,(anonymous_12)
DA:8,8
DA:9,8
DA:10,8
DA:11,8
DA:19,8
DA:21,8
DA:22,8
DA:25,8
DA:26,2
DA:27,2
DA:28,2
DA:32,8
DA:33,2
DA:34,2
DA:40,2
DA:41,2
DA:43,0
DA:47,8
DA:48,2
DA:49,2
DA:50,2
DA:56,2
DA:57,0
DA:60,2
DA:61,1
DA:71,0
DA:73,2
DA:77,8
DA:78,1
DA:79,1
DA:80,0
DA:81,0
DA:84,1
DA:85,1
DA:86,1
DA:89,1
DA:99,1
DA:100,1
DA:103,0
DA:111,0
DA:113,0
DA:115,0
DA:116,0
DA:117,0
DA:119,1
DA:121,1
DA:125,8
DA:126,0
DA:127,0
DA:128,0
DA:133,0
DA:134,0
DA:135,0
DA:137,0
DA:141,8
DA:142,1
DA:145,8
DA:265,0
DA:268,0
DA:299,0
LF:60
LH:39
BRDA:26,0,0,2
BRDA:26,0,1,0
BRDA:40,1,0,0
BRDA:40,1,1,2
BRDA:41,2,0,2
BRDA:41,2,1,0
BRDA:56,3,0,0
BRDA:56,3,1,2
BRDA:56,4,0,2
BRDA:56,4,1,0
BRDA:60,5,0,1
BRDA:60,5,1,1
BRDA:62,6,0,1
BRDA:62,6,1,0
BRDA:63,7,0,1
BRDA:63,7,1,0
BRDA:64,8,0,1
BRDA:64,8,1,0
BRDA:65,9,0,1
BRDA:65,9,1,0
BRDA:66,10,0,1
BRDA:66,10,1,1
BRDA:67,11,0,1
BRDA:67,11,1,0
BRDA:79,12,0,0
BRDA:79,12,1,1
BRDA:100,13,0,1
BRDA:100,13,1,0
BRDA:113,14,0,0
BRDA:113,14,1,0
BRDA:126,15,0,0
BRDA:126,15,1,0
BRDA:133,16,0,0
BRDA:133,16,1,0
BRDA:155,17,0,8
BRDA:155,17,1,0
BRDA:162,18,0,2
BRDA:162,18,1,6
BRDA:247,19,0,1
BRDA:247,19,1,5
BRDA:259,20,0,6
BRDA:259,20,1,0
BRF:42
BRH:22
end_of_record
TN:
SF:src\pages\ProgressAnalysis.jsx
FN:8,ProgressAnalysis
FN:16,(anonymous_1)
FN:37,(anonymous_2)
FN:121,(anonymous_3)
FN:152,(anonymous_4)
FN:160,(anonymous_5)
FN:164,(anonymous_6)
FNF:7
FNH:6
FNDA:9,ProgressAnalysis
FNDA:2,(anonymous_1)
FNDA:0,(anonymous_2)
FNDA:1,(anonymous_3)
FNDA:1,(anonymous_4)
FNDA:18,(anonymous_5)
FNDA:1,(anonymous_6)
DA:9,9
DA:10,9
DA:11,9
DA:12,9
DA:13,9
DA:14,9
DA:16,9
DA:17,2
DA:18,2
DA:19,2
DA:20,2
DA:21,2
DA:22,2
DA:24,0
DA:25,0
DA:27,2
DA:31,9
DA:33,9
DA:37,0
DA:122,1
DA:152,1
DA:161,18
DA:164,1
LF:23
LH:20
BRDA:25,0,0,0
BRDA:25,0,1,0
BRDA:31,1,0,0
BRDA:31,1,1,9
BRDA:64,2,0,2
BRDA:64,2,1,7
BRDA:65,3,0,9
BRDA:65,3,1,7
BRDA:70,4,0,9
BRDA:70,4,1,0
BRDA:77,5,0,9
BRDA:77,5,1,2
BRDA:85,6,0,1
BRDA:85,6,1,1
BRDA:86,7,0,1
BRDA:86,7,1,0
BRDA:100,8,0,2
BRDA:100,8,1,1
BRDA:117,9,0,2
BRDA:117,9,1,2
BRDA:117,9,2,1
BRDA:158,10,0,9
BRDA:158,10,1,2
BRF:23
BRH:18
end_of_record
TN:
SF:src\pages\Routines.jsx
FN:7,Routines
FN:14,(anonymous_1)
FN:31,(anonymous_2)
FN:34,(anonymous_3)
FN:45,(anonymous_4)
FN:53,(anonymous_5)
FN:63,(anonymous_6)
FN:88,(anonymous_7)
FN:107,(anonymous_8)
FN:127,(anonymous_9)
FN:146,(anonymous_10)
FN:151,(anonymous_11)
FN:155,(anonymous_12)
FN:156,(anonymous_13)
FN:225,(anonymous_14)
FNF:15
FNH:13
FNDA:10,Routines
FNDA:3,(anonymous_1)
FNDA:1,(anonymous_2)
FNDA:5,(anonymous_3)
FNDA:1,(anonymous_4)
FNDA:1,(anonymous_5)
FNDA:3,(anonymous_6)
FNDA:6,(anonymous_7)
FNDA:4,(anonymous_8)
FNDA:1,(anonymous_9)
FNDA:7,(anonymous_10)
FNDA:18,(anonymous_11)
FNDA:7,(anonymous_12)
FNDA:0,(anonymous_13)
FNDA:0,(anonymous_14)
DA:8,10
DA:9,10
DA:10,10
DA:11,10
DA:12,10
DA:14,10
DA:15,3
DA:16,3
DA:17,3
DA:21,2
DA:22,3
DA:24,1
DA:25,1
DA:27,3
DA:31,10
DA:32,1
DA:35,5
DA:45,10
DA:46,1
DA:48,1
DA:49,1
DA:52,1
DA:53,1
DA:55,1
DA:56,1
DA:58,1
DA:59,1
DA:63,10
DA:64,3
DA:67,10
DA:89,6
DA:108,4
DA:127,1
DA:147,7
DA:151,18
DA:154,7
DA:155,7
DA:156,0
DA:158,7
DA:159,3
DA:195,4
DA:225,0
LF:42
LH:40
BRDA:21,0,0,2
BRDA:21,0,1,0
BRDA:22,1,0,3
BRDA:22,1,1,0
BRDA:38,2,0,5
BRDA:38,2,1,0
BRDA:46,3,0,0
BRDA:46,3,1,1
BRDA:79,4,0,10
BRDA:79,4,1,2
BRDA:86,5,0,3
BRDA:86,5,1,7
BRDA:94,6,0,7
BRDA:94,6,1,3
BRDA:94,6,2,1
BRDA:118,7,0,4
BRDA:118,7,1,3
BRDA:120,8,0,4
BRDA:120,8,1,3
BRDA:138,9,0,4
BRDA:138,9,1,1
BRDA:155,10,0,7
BRDA:155,10,1,7
BRDA:158,11,0,3
BRDA:158,11,1,4
BRDA:175,12,0,1
BRDA:175,12,1,2
BRDA:184,13,0,1
BRDA:184,13,1,2
BRF:29
BRH:25
end_of_record
TN:
SF:src\pages\TrainingSelfies.jsx
FN:7,TrainingSelfies
FN:16,(anonymous_1)
FN:21,(anonymous_2)
FN:27,(anonymous_3)
FN:32,(anonymous_4)
FN:50,(anonymous_5)
FN:61,(anonymous_6)
FN:104,(anonymous_7)
FN:109,(anonymous_8)
FN:126,(anonymous_9)
FN:137,(anonymous_10)
FN:150,(anonymous_11)
FN:156,(anonymous_12)
FN:199,(anonymous_13)
FN:232,(anonymous_14)
FN:253,(anonymous_15)
FNF:16
FNH:10
FNDA:15,TrainingSelfies
FNDA:2,(anonymous_1)
FNDA:5,(anonymous_2)
FNDA:5,(anonymous_3)
FNDA:3,(anonymous_4)
FNDA:2,(anonymous_5)
FNDA:2,(anonymous_6)
FNDA:0,(anonymous_7)
FNDA:0,(anonymous_8)
FNDA:2,(anonymous_9)
FNDA:36,(anonymous_10)
FNDA:0,(anonymous_11)
FNDA:0,(anonymous_12)
FNDA:0,(anonymous_13)
FNDA:1,(anonymous_14)
FNDA:0,(anonymous_15)
DA:8,15
DA:9,15
DA:10,15
DA:11,15
DA:12,15
DA:13,15
DA:14,15
DA:16,15
DA:17,2
DA:21,15
DA:22,5
DA:23,2
DA:25,3
DA:27,5
DA:28,5
DA:32,15
DA:33,3
DA:34,3
DA:35,3
DA:41,3
DA:42,3
DA:44,0
DA:46,3
DA:50,15
DA:51,2
DA:52,2
DA:53,2
DA:61,15
DA:62,2
DA:63,2
DA:65,2
DA:66,2
DA:69,2
DA:70,2
DA:71,2
DA:73,2
DA:77,2
DA:79,1
DA:84,1
DA:92,1
DA:94,1
DA:95,1
DA:96,1
DA:98,1
DA:100,2
DA:104,15
DA:105,0
DA:106,0
DA:107,0
DA:108,0
DA:109,0
DA:110,0
DA:112,0
DA:116,15
DA:126,2
DA:138,36
DA:151,0
DA:156,0
DA:200,0
DA:201,0
DA:232,1
DA:253,0
LF:62
LH:49
BRDA:17,0,0,2
BRDA:17,0,1,0
BRDA:22,1,0,2
BRDA:22,1,1,3
BRDA:41,2,0,0
BRDA:41,2,1,3
BRDA:42,3,0,3
BRDA:42,3,1,1
BRDA:52,4,0,2
BRDA:52,4,1,0
BRDA:63,5,0,0
BRDA:63,5,1,2
BRDA:77,6,0,1
BRDA:77,6,1,1
BRDA:92,7,0,0
BRDA:92,7,1,1
BRDA:105,8,0,0
BRDA:105,8,1,0
BRDA:108,9,0,0
BRDA:108,9,1,0
BRDA:135,10,0,12
BRDA:135,10,1,3
BRDA:143,11,0,3
BRDA:143,11,1,3
BRDA:181,12,0,0
BRDA:181,12,1,0
BRDA:190,13,0,15
BRDA:190,13,1,11
BRDA:211,14,0,7
BRDA:211,14,1,4
BRDA:240,15,0,11
BRDA:240,15,1,8
BRDA:243,16,0,3
BRDA:243,16,1,8
BRDA:244,17,0,3
BRDA:244,17,1,8
BRF:36
BRH:25
end_of_record
TN:
SF:src\pages\WorkoutSession.jsx
FN:10,WorkoutSession
FN:24,(anonymous_1)
FN:28,(anonymous_2)
FN:29,(anonymous_3)
FN:34,(anonymous_4)
FN:37,(anonymous_5)
FN:43,(anonymous_6)
FN:52,(anonymous_7)
FN:66,(anonymous_8)
FN:69,(anonymous_9)
FN:74,(anonymous_10)
FN:83,(anonymous_11)
FN:89,(anonymous_12)
FN:95,(anonymous_13)
FN:101,(anonymous_14)
FN:129,(anonymous_15)
FN:140,(anonymous_16)
FN:160,(anonymous_17)
FN:168,(anonymous_18)
FN:187,(anonymous_19)
FN:194,(anonymous_20)
FN:202,(anonymous_21)
FN:208,(anonymous_22)
FN:233,(anonymous_23)
FN:247,(anonymous_24)
FN:256,(anonymous_25)
FNF:26
FNH:22
FNDA:15,WorkoutSession
FNDA:4,(anonymous_1)
FNDA:4,(anonymous_2)
FNDA:0,(anonymous_3)
FNDA:4,(anonymous_4)
FNDA:10,(anonymous_5)
FNDA:4,(anonymous_6)
FNDA:3,(anonymous_7)
FNDA:3,(anonymous_8)
FNDA:3,(anonymous_9)
FNDA:3,(anonymous_10)
FNDA:2,(anonymous_11)
FNDA:0,(anonymous_12)
FNDA:1,(anonymous_13)
FNDA:1,(anonymous_14)
FNDA:1,(anonymous_15)
FNDA:10,(anonymous_16)
FNDA:10,(anonymous_17)
FNDA:1,(anonymous_18)
FNDA:10,(anonymous_19)
FNDA:1,(anonymous_20)
FNDA:1,(anonymous_21)
FNDA:1,(anonymous_22)
FNDA:0,(anonymous_23)
FNDA:1,(anonymous_24)
FNDA:0,(anonymous_25)
DA:11,15
DA:12,15
DA:13,15
DA:14,15
DA:15,15
DA:16,15
DA:17,15
DA:18,15
DA:21,15
DA:22,15
DA:24,15
DA:25,4
DA:28,15
DA:29,4
DA:30,0
DA:31,0
DA:32,0
DA:34,4
DA:37,15
DA:38,10
DA:39,10
DA:40,10
DA:43,15
DA:44,4
DA:45,4
DA:46,4
DA:48,4
DA:50,3
DA:51,3
DA:52,3
DA:53,3
DA:56,3
DA:57,3
DA:60,1
DA:62,4
DA:66,15
DA:67,3
DA:69,3
DA:74,3
DA:80,3
DA:83,15
DA:84,2
DA:85,2
DA:86,2
DA:89,15
DA:90,0
DA:91,0
DA:92,0
DA:95,15
DA:96,1
DA:97,1
DA:98,1
DA:101,15
DA:102,1
DA:103,1
DA:104,1
DA:115,1
DA:116,1
DA:118,0
DA:122,15
DA:123,11
DA:125,10
DA:129,1
DA:141,10
DA:145,10
DA:161,10
DA:169,1
DA:170,1
DA:171,1
DA:188,10
DA:194,1
DA:202,1
DA:208,1
DA:233,0
DA:247,1
DA:256,0
LF:76
LH:67
BRDA:48,0,0,3
BRDA:48,0,1,1
BRDA:48,1,0,4
BRDA:48,1,1,3
BRDA:51,2,0,3
BRDA:51,2,1,0
BRDA:53,3,0,3
BRDA:53,3,1,0
BRDA:67,4,0,0
BRDA:67,4,1,3
BRDA:71,5,0,3
BRDA:71,5,1,0
BRDA:74,6,0,3
BRDA:74,6,1,0
BRDA:75,7,0,3
BRDA:75,7,1,0
BRDA:76,8,0,3
BRDA:76,8,1,0
BRDA:122,9,0,4
BRDA:122,9,1,11
BRDA:123,10,0,1
BRDA:123,10,1,10
BRDA:145,11,0,10
BRDA:145,11,1,0
BRDA:170,12,0,1
BRDA:170,12,1,1
BRDA:170,13,0,0
BRDA:170,13,1,1
BRDA:188,14,0,3
BRDA:188,14,1,7
BRDA:189,15,0,3
BRDA:189,15,1,7
BRDA:209,16,0,3
BRDA:209,16,1,7
BRDA:224,17,0,0
BRDA:224,17,1,10
BRDA:225,18,0,0
BRDA:225,18,1,10
BRDA:225,19,0,10
BRDA:225,19,1,0
BRF:40
BRH:28
end_of_record
TN:
SF:src\services\videoService.js
FN:4,(anonymous_0)
FN:74,(anonymous_1)
FN:87,(anonymous_2)
FN:98,(anonymous_3)
FN:104,(anonymous_4)
FN:119,(anonymous_5)
FN:127,(anonymous_6)
FNF:7
FNH:6
FNDA:995,(anonymous_0)
FNDA:9,(anonymous_1)
FNDA:1407,(anonymous_2)
FNDA:6,(anonymous_3)
FNDA:288,(anonymous_4)
FNDA:2,(anonymous_5)
FNDA:0,(anonymous_6)
DA:4,4
DA:5,995
DA:8,4
DA:74,4
DA:75,9
DA:77,9
DA:80,9
DA:81,9
DA:82,356
DA:87,1407
DA:88,7
DA:89,336
DA:92,7
DA:98,4
DA:99,6
DA:101,6
DA:102,6
DA:104,6
DA:105,288
DA:106,45
DA:113,6
DA:119,4
DA:120,2
DA:121,2
DA:127,4
DA:128,0
LF:26
LH:25
BRDA:5,0,0,995
BRDA:5,0,1,0
BRDA:75,1,0,0
BRDA:75,1,1,9
BRDA:82,2,0,2
BRDA:82,2,1,354
BRDA:89,3,0,0
BRDA:89,3,1,336
BRDA:99,4,0,0
BRDA:99,4,1,6
BRDA:99,5,0,6
BRDA:99,5,1,6
BRDA:105,6,0,45
BRDA:105,6,1,243
BRDA:120,7,0,0
BRDA:120,7,1,2
BRF:16
BRH:11
end_of_record
